INFO 2025-04-25 01:22:03,801 autoreload Watching for file changes with StatReloader
WARNING 2025-04-25 01:25:11,273 log Forbidden: /isAdmin/
WARNING 2025-04-25 01:25:11,273 basehttp "POST /isAdmin/ HTTP/1.1" 403 58
INFO 2025-04-27 18:02:51,653 autoreload Watching for file changes with StatReloader
INFO 2025-04-27 18:03:11,640 autoreload C:\Users\timonM1\Desktop\Flavio proyecto\Signature-Rest-Api\signature\serializers.py changed, reloading.
INFO 2025-04-27 18:03:12,426 autoreload Watching for file changes with StatReloader
INFO 2025-04-27 18:03:23,162 basehttp "OPTIONS /api/subjects/ HTTP/1.1" 200 0
INFO 2025-04-27 18:03:23,163 basehttp "OPTIONS /api/majors/getMajors/ HTTP/1.1" 200 0
INFO 2025-04-27 18:03:23,170 basehttp "OPTIONS /api/majors/getMajors/ HTTP/1.1" 200 0
WARNING 2025-04-27 18:03:23,265 log Unauthorized: /api/majors/getMajors/
WARNING 2025-04-27 18:03:23,266 log Unauthorized: /api/subjects/
WARNING 2025-04-27 18:03:23,269 basehttp "GET /api/majors/getMajors/ HTTP/1.1" 401 27
WARNING 2025-04-27 18:03:23,270 basehttp "GET /api/subjects/ HTTP/1.1" 401 27
WARNING 2025-04-27 18:03:23,293 log Unauthorized: /api/majors/getMajors/
WARNING 2025-04-27 18:03:23,294 log Unauthorized: /api/subjects/
WARNING 2025-04-27 18:03:23,295 basehttp "GET /api/majors/getMajors/ HTTP/1.1" 401 27
WARNING 2025-04-27 18:03:23,295 basehttp "GET /api/subjects/ HTTP/1.1" 401 27
WARNING 2025-04-27 18:03:23,325 log Unauthorized: /api/majors/getMajors/
WARNING 2025-04-27 18:03:23,326 basehttp "GET /api/majors/getMajors/ HTTP/1.1" 401 27
INFO 2025-04-27 18:03:35,181 basehttp "OPTIONS /login/ HTTP/1.1" 200 0
WARNING 2025-04-27 18:03:35,186 log Not Found: /login/
WARNING 2025-04-27 18:03:35,187 basehttp "POST /login/ HTTP/1.1" 404 55
WARNING 2025-04-27 18:03:42,675 log Not Found: /login/
WARNING 2025-04-27 18:03:42,676 basehttp "POST /login/ HTTP/1.1" 404 55
INFO 2025-04-27 18:04:20,159 autoreload Watching for file changes with StatReloader
WARNING 2025-04-27 18:04:23,254 log Not Found: /login/
WARNING 2025-04-27 18:04:23,255 basehttp "POST /login/ HTTP/1.1" 404 55
WARNING 2025-04-27 18:04:24,395 log Not Found: /login/
WARNING 2025-04-27 18:04:24,396 basehttp "POST /login/ HTTP/1.1" 404 55
INFO 2025-04-27 18:06:12,879 basehttp "POST /api/users HTTP/1.1" 301 0
WARNING 2025-04-27 18:06:12,892 log Unauthorized: /api/users/
WARNING 2025-04-27 18:06:12,893 basehttp "GET /api/users/ HTTP/1.1" 401 27
WARNING 2025-04-27 18:06:30,743 log Not Found: /login/
WARNING 2025-04-27 18:06:30,743 basehttp "POST /login/ HTTP/1.1" 404 55
WARNING 2025-04-27 18:07:34,152 log Bad Request: /signup/
WARNING 2025-04-27 18:07:34,153 basehttp "POST /signup/ HTTP/1.1" 400 65
ERROR 2025-04-27 18:08:03,636 log Internal Server Error: /signup/
Traceback (most recent call last):
  File "C:\Users\timonM1\Desktop\Flavio proyecto\Signature-Rest-Api\venv\Lib\site-packages\django\core\handlers\exception.py", line 55, in inner
    response = get_response(request)
               ^^^^^^^^^^^^^^^^^^^^^
  File "C:\Users\timonM1\Desktop\Flavio proyecto\Signature-Rest-Api\venv\Lib\site-packages\django\core\handlers\base.py", line 197, in _get_response
    response = wrapped_callback(request, *callback_args, **callback_kwargs)
               ^^^^^^^^^^^^^^^^^^^^^^^^^^^^^^^^^^^^^^^^^^^^^^^^^^^^^^^^^^^^
  File "C:\Users\timonM1\Desktop\Flavio proyecto\Signature-Rest-Api\venv\Lib\site-packages\django\views\decorators\csrf.py", line 65, in _view_wrapper
    return view_func(request, *args, **kwargs)
           ^^^^^^^^^^^^^^^^^^^^^^^^^^^^^^^^^^^
  File "C:\Users\timonM1\Desktop\Flavio proyecto\Signature-Rest-Api\venv\Lib\site-packages\django\views\generic\base.py", line 104, in view
    return self.dispatch(request, *args, **kwargs)
           ^^^^^^^^^^^^^^^^^^^^^^^^^^^^^^^^^^^^^^^
  File "C:\Users\timonM1\Desktop\Flavio proyecto\Signature-Rest-Api\venv\Lib\site-packages\rest_framework\views.py", line 515, in dispatch
    response = self.handle_exception(exc)
               ^^^^^^^^^^^^^^^^^^^^^^^^^^
  File "C:\Users\timonM1\Desktop\Flavio proyecto\Signature-Rest-Api\venv\Lib\site-packages\rest_framework\views.py", line 475, in handle_exception
    self.raise_uncaught_exception(exc)
  File "C:\Users\timonM1\Desktop\Flavio proyecto\Signature-Rest-Api\venv\Lib\site-packages\rest_framework\views.py", line 486, in raise_uncaught_exception
    raise exc
  File "C:\Users\timonM1\Desktop\Flavio proyecto\Signature-Rest-Api\venv\Lib\site-packages\rest_framework\views.py", line 512, in dispatch
    response = handler(request, *args, **kwargs)
               ^^^^^^^^^^^^^^^^^^^^^^^^^^^^^^^^^
  File "C:\Users\timonM1\Desktop\Flavio proyecto\Signature-Rest-Api\venv\Lib\site-packages\rest_framework\decorators.py", line 50, in handler
    return func(*args, **kwargs)
           ^^^^^^^^^^^^^^^^^^^^^
  File "C:\Users\timonM1\Desktop\Flavio proyecto\Signature-Rest-Api\signature\views.py", line 72, in signup
    majors = request.data['majors']
             ~~~~~~~~~~~~^^^^^^^^^^
KeyError: 'majors'
ERROR 2025-04-27 18:08:03,643 basehttp "POST /signup/ HTTP/1.1" 500 145
WARNING 2025-04-27 18:08:19,365 log Bad Request: /signup/
WARNING 2025-04-27 18:08:19,365 basehttp "POST /signup/ HTTP/1.1" 400 58
INFO 2025-04-27 18:08:28,159 basehttp "POST /signup/ HTTP/1.1" 200 90
INFO 2025-04-27 18:09:04,036 autoreload C:\Users\timonM1\Desktop\Flavio proyecto\Signature-Rest-Api\signature\views.py changed, reloading.
INFO 2025-04-27 18:09:05,070 autoreload Watching for file changes with StatReloader
INFO 2025-04-27 18:09:10,396 basehttp "POST /login/ HTTP/1.1" 200 90
INFO 2025-04-27 18:09:11,350 basehttp "GET /api/majors/getMajors/ HTTP/1.1" 200 1065
INFO 2025-04-27 18:09:11,369 basehttp "GET /api/majors/getMajors/ HTTP/1.1" 200 1065
INFO 2025-04-27 18:09:11,375 basehttp "GET /api/subjects/ HTTP/1.1" 200 709
INFO 2025-04-27 18:09:11,402 basehttp "GET /api/subjects/ HTTP/1.1" 200 709
INFO 2025-04-27 18:09:11,429 basehttp "GET /api/majors/getMajors/ HTTP/1.1" 200 1065
INFO 2025-04-27 18:09:11,437 basehttp "GET /api/majors/getMajors/ HTTP/1.1" 200 1065
INFO 2025-04-27 18:09:16,546 basehttp "OPTIONS /api/users/ HTTP/1.1" 200 0
INFO 2025-04-27 18:09:16,549 basehttp "OPTIONS /api/users/ HTTP/1.1" 200 0
INFO 2025-04-27 18:09:16,553 basehttp "GET /api/users/ HTTP/1.1" 200 61
INFO 2025-04-27 18:09:16,559 basehttp "GET /api/users/ HTTP/1.1" 200 61
INFO 2025-04-27 18:09:25,189 basehttp "OPTIONS /api/users/9/ HTTP/1.1" 200 0
INFO 2025-04-27 18:09:25,203 basehttp "DELETE /api/users/9/ HTTP/1.1" 204 0
INFO 2025-04-27 18:09:31,910 basehttp "GET /api/majors/getMajors/ HTTP/1.1" 200 1065
INFO 2025-04-27 18:09:31,917 basehttp "GET /api/majors/getMajors/ HTTP/1.1" 200 1065
INFO 2025-04-27 18:09:34,798 basehttp "GET /api/majors/getMajors/ HTTP/1.1" 200 1065
INFO 2025-04-27 18:09:34,804 basehttp "GET /api/majors/getMajors/ HTTP/1.1" 200 1065
INFO 2025-04-27 18:09:41,288 basehttp "POST /api/users/ HTTP/1.1" 201 31
INFO 2025-04-27 18:09:41,313 basehttp "GET /api/users/ HTTP/1.1" 200 64
INFO 2025-04-27 18:10:52,214 autoreload C:\Users\timonM1\Desktop\Flavio proyecto\Signature-Rest-Api\signature\views.py changed, reloading.
INFO 2025-04-27 18:10:53,229 autoreload Watching for file changes with StatReloader
WARNING 2025-04-27 18:11:12,504 log Bad Request: /signup/
WARNING 2025-04-27 18:11:12,506 basehttp "POST /signup/ HTTP/1.1" 400 58
INFO 2025-04-27 18:11:19,204 basehttp "POST /signup/ HTTP/1.1" 200 91
INFO 2025-04-27 18:12:18,550 basehttp "GET /api/majors/getMajors/ HTTP/1.1" 200 1065
INFO 2025-04-27 18:12:18,560 basehttp "GET /api/majors/getMajors/ HTTP/1.1" 200 1065
INFO 2025-04-27 18:12:29,353 basehttp "POST /api/users/ HTTP/1.1" 201 24
INFO 2025-04-27 18:12:29,374 basehttp "GET /api/users/ HTTP/1.1" 200 121
INFO 2025-04-27 18:12:33,942 basehttp "GET /api/majors/getMajors/ HTTP/1.1" 200 1065
INFO 2025-04-27 18:12:33,949 basehttp "GET /api/majors/getMajors/ HTTP/1.1" 200 1065
INFO 2025-04-27 18:14:30,859 basehttp "GET /api/majors/getMajors/ HTTP/1.1" 200 1065
INFO 2025-04-27 18:14:30,866 basehttp "GET /api/majors/getMajors/ HTTP/1.1" 200 1065
INFO 2025-04-27 18:14:40,464 basehttp "GET /api/majors/getMajors/ HTTP/1.1" 200 1065
INFO 2025-04-27 18:14:40,469 basehttp "GET /api/majors/getMajors/ HTTP/1.1" 200 1065
INFO 2025-04-27 18:14:48,523 basehttp "GET /api/majors/getMajors/ HTTP/1.1" 200 1065
INFO 2025-04-27 18:14:48,529 basehttp "GET /api/majors/getMajors/ HTTP/1.1" 200 1065
INFO 2025-04-27 18:15:46,076 basehttp "GET /api/majors/getMajors/ HTTP/1.1" 200 1065
INFO 2025-04-27 18:15:46,081 basehttp "GET /api/majors/getMajors/ HTTP/1.1" 200 1065
INFO 2025-04-27 18:15:47,809 basehttp "GET /api/majors/getMajors/ HTTP/1.1" 200 1065
INFO 2025-04-27 18:15:47,817 basehttp "GET /api/majors/getMajors/ HTTP/1.1" 200 1065
INFO 2025-04-27 18:18:27,203 basehttp "GET /api/majors/getMajors/ HTTP/1.1" 200 1065
INFO 2025-04-27 18:18:27,212 basehttp "GET /api/majors/getMajors/ HTTP/1.1" 200 1065
INFO 2025-04-27 18:18:27,224 basehttp "GET /api/subjects/ HTTP/1.1" 200 709
INFO 2025-04-27 18:18:27,240 basehttp "GET /api/subjects/ HTTP/1.1" 200 709
INFO 2025-04-27 18:18:27,255 basehttp "GET /api/majors/getMajors/ HTTP/1.1" 200 1065
INFO 2025-04-27 18:18:27,263 basehttp "GET /api/majors/getMajors/ HTTP/1.1" 200 1065
INFO 2025-04-27 18:18:50,893 basehttp "GET /api/users/ HTTP/1.1" 200 121
INFO 2025-04-27 18:18:50,901 basehttp "GET /api/users/ HTTP/1.1" 200 121
INFO 2025-04-27 18:18:52,887 basehttp "GET /api/majors/getMajors/ HTTP/1.1" 200 1065
INFO 2025-04-27 18:18:52,898 basehttp "GET /api/subjects/ HTTP/1.1" 200 709
INFO 2025-04-27 18:18:52,899 basehttp "GET /api/majors/getMajors/ HTTP/1.1" 200 1065
INFO 2025-04-27 18:18:52,920 basehttp "GET /api/subjects/ HTTP/1.1" 200 709
INFO 2025-04-27 18:18:52,946 basehttp "GET /api/majors/getMajors/ HTTP/1.1" 200 1065
INFO 2025-04-27 18:18:52,959 basehttp "GET /api/majors/getMajors/ HTTP/1.1" 200 1065
INFO 2025-04-27 18:18:54,331 basehttp "GET /api/users/ HTTP/1.1" 200 121
INFO 2025-04-27 18:18:54,337 basehttp "GET /api/users/ HTTP/1.1" 200 121
INFO 2025-04-27 18:18:56,629 basehttp "GET /api/majors/getMajors/ HTTP/1.1" 200 1065
INFO 2025-04-27 18:18:56,639 basehttp "GET /api/subjects/ HTTP/1.1" 200 709
INFO 2025-04-27 18:18:56,644 basehttp "GET /api/majors/getMajors/ HTTP/1.1" 200 1065
INFO 2025-04-27 18:18:56,655 basehttp "GET /api/subjects/ HTTP/1.1" 200 709
INFO 2025-04-27 18:18:56,676 basehttp "GET /api/majors/getMajors/ HTTP/1.1" 200 1065
INFO 2025-04-27 18:18:56,685 basehttp "GET /api/majors/getMajors/ HTTP/1.1" 200 1065
INFO 2025-04-27 18:19:05,838 basehttp "GET /api/users/ HTTP/1.1" 200 121
INFO 2025-04-27 18:19:05,847 basehttp "GET /api/users/ HTTP/1.1" 200 121
INFO 2025-04-27 18:19:06,855 basehttp "GET /api/majors/getMajors/ HTTP/1.1" 200 1065
INFO 2025-04-27 18:19:06,870 basehttp "GET /api/subjects/ HTTP/1.1" 200 709
INFO 2025-04-27 18:19:06,870 basehttp "GET /api/majors/getMajors/ HTTP/1.1" 200 1065
INFO 2025-04-27 18:19:06,893 basehttp "GET /api/subjects/ HTTP/1.1" 200 709
INFO 2025-04-27 18:19:06,896 basehttp "GET /api/majors/getMajors/ HTTP/1.1" 200 1065
INFO 2025-04-27 18:19:06,905 basehttp "GET /api/majors/getMajors/ HTTP/1.1" 200 1065
INFO 2025-04-27 18:19:09,794 basehttp "GET /api/subjects/ HTTP/1.1" 200 709
INFO 2025-04-27 18:19:17,026 basehttp "GET /api/subjects/ HTTP/1.1" 200 709
INFO 2025-04-27 18:19:17,534 basehttp "GET /api/users/ HTTP/1.1" 200 121
INFO 2025-04-27 18:19:17,543 basehttp "GET /api/users/ HTTP/1.1" 200 121
INFO 2025-04-27 18:19:18,192 basehttp "GET /api/majors/getMajors/ HTTP/1.1" 200 1065
INFO 2025-04-27 18:19:18,198 basehttp "GET /api/majors/getMajors/ HTTP/1.1" 200 1065
INFO 2025-04-27 18:19:32,610 basehttp "GET /api/majors/getMajors/ HTTP/1.1" 200 1065
INFO 2025-04-27 18:19:32,627 basehttp "GET /api/subjects/ HTTP/1.1" 200 709
INFO 2025-04-27 18:19:32,628 basehttp "GET /api/majors/getMajors/ HTTP/1.1" 200 1065
INFO 2025-04-27 18:19:32,649 basehttp "GET /api/subjects/ HTTP/1.1" 200 709
INFO 2025-04-27 18:19:32,671 basehttp "GET /api/majors/getMajors/ HTTP/1.1" 200 1065
INFO 2025-04-27 18:19:32,682 basehttp "GET /api/majors/getMajors/ HTTP/1.1" 200 1065
INFO 2025-04-27 18:19:36,354 basehttp "GET /api/users/ HTTP/1.1" 200 121
INFO 2025-04-27 18:19:36,361 basehttp "GET /api/users/ HTTP/1.1" 200 121
INFO 2025-04-27 18:19:37,240 basehttp "GET /api/majors/getMajors/ HTTP/1.1" 200 1065
INFO 2025-04-27 18:19:37,254 basehttp "GET /api/majors/getMajors/ HTTP/1.1" 200 1065
INFO 2025-04-27 18:19:37,255 basehttp "GET /api/subjects/ HTTP/1.1" 200 709
INFO 2025-04-27 18:19:37,274 basehttp "GET /api/subjects/ HTTP/1.1" 200 709
INFO 2025-04-27 18:19:37,299 basehttp "GET /api/majors/getMajors/ HTTP/1.1" 200 1065
INFO 2025-04-27 18:19:37,307 basehttp "GET /api/majors/getMajors/ HTTP/1.1" 200 1065
INFO 2025-04-27 18:21:14,562 basehttp "GET /api/subjects/ HTTP/1.1" 200 709
INFO 2025-04-27 18:21:14,739 basehttp "GET /api/subjects/ HTTP/1.1" 200 709
INFO 2025-04-27 18:21:14,890 basehttp "GET /api/subjects/ HTTP/1.1" 200 709
INFO 2025-04-27 18:21:15,044 basehttp "GET /api/subjects/ HTTP/1.1" 200 709
INFO 2025-04-27 18:21:15,208 basehttp "GET /api/subjects/ HTTP/1.1" 200 709
INFO 2025-04-27 18:21:15,374 basehttp "GET /api/subjects/ HTTP/1.1" 200 709
INFO 2025-04-27 18:21:15,538 basehttp "GET /api/subjects/ HTTP/1.1" 200 709
INFO 2025-04-27 18:21:15,749 basehttp "GET /api/subjects/ HTTP/1.1" 200 709
INFO 2025-04-27 18:21:15,783 basehttp "GET /api/subjects/ HTTP/1.1" 200 709
INFO 2025-04-27 18:21:16,020 basehttp "GET /api/subjects/ HTTP/1.1" 200 709
INFO 2025-04-27 18:21:16,242 basehttp "GET /api/subjects/ HTTP/1.1" 200 709
INFO 2025-04-27 18:21:16,423 basehttp "GET /api/subjects/ HTTP/1.1" 200 709
INFO 2025-04-27 18:21:16,622 basehttp "GET /api/subjects/ HTTP/1.1" 200 709
INFO 2025-04-27 18:21:16,841 basehttp "GET /api/subjects/ HTTP/1.1" 200 709
INFO 2025-04-27 18:21:17,132 basehttp "GET /api/subjects/ HTTP/1.1" 200 709
INFO 2025-04-27 18:21:17,307 basehttp "GET /api/subjects/ HTTP/1.1" 200 709
INFO 2025-04-27 18:21:17,492 basehttp "GET /api/subjects/ HTTP/1.1" 200 709
INFO 2025-04-27 18:21:17,681 basehttp "GET /api/subjects/ HTTP/1.1" 200 709
INFO 2025-04-27 18:21:18,399 basehttp "GET /api/subjects/ HTTP/1.1" 200 709
INFO 2025-04-27 18:21:18,576 basehttp "GET /api/subjects/ HTTP/1.1" 200 709
INFO 2025-04-27 18:21:18,749 basehttp "GET /api/subjects/ HTTP/1.1" 200 709
INFO 2025-04-27 18:21:18,922 basehttp "GET /api/subjects/ HTTP/1.1" 200 709
INFO 2025-04-27 18:21:19,102 basehttp "GET /api/subjects/ HTTP/1.1" 200 709
INFO 2025-04-27 18:53:56,696 basehttp "GET /api/users/ HTTP/1.1" 200 121
INFO 2025-04-27 18:53:56,704 basehttp "GET /api/users/ HTTP/1.1" 200 121
INFO 2025-04-27 18:53:57,613 basehttp "GET /api/majors/getMajors/ HTTP/1.1" 200 1065
INFO 2025-04-27 18:53:57,619 basehttp "GET /api/majors/getMajors/ HTTP/1.1" 200 1065
WARNING 2025-04-27 18:53:59,834 log Bad Request: /api/users/
WARNING 2025-04-27 18:53:59,834 basehttp "POST /api/users/ HTTP/1.1" 400 65
INFO 2025-04-27 18:54:08,073 basehttp "POST /api/users/ HTTP/1.1" 201 24
INFO 2025-04-27 18:54:08,095 basehttp "GET /api/users/ HTTP/1.1" 200 146
INFO 2025-04-27 18:54:09,711 basehttp "GET /api/majors/getMajors/ HTTP/1.1" 200 1065
INFO 2025-04-27 18:54:09,719 basehttp "GET /api/subjects/ HTTP/1.1" 200 709
INFO 2025-04-27 18:54:09,728 basehttp "GET /api/majors/getMajors/ HTTP/1.1" 200 1065
INFO 2025-04-27 18:54:09,752 basehttp "GET /api/subjects/ HTTP/1.1" 200 709
INFO 2025-04-27 18:54:09,752 basehttp "GET /api/majors/getMajors/ HTTP/1.1" 200 1065
INFO 2025-04-27 18:54:09,760 basehttp "GET /api/majors/getMajors/ HTTP/1.1" 200 1065
WARNING 2025-04-27 18:54:28,609 log Unauthorized: /login/
WARNING 2025-04-27 18:54:28,609 basehttp "POST /login/ HTTP/1.1" 401 28
WARNING 2025-04-27 18:54:58,573 log Unauthorized: /login/
WARNING 2025-04-27 18:54:58,573 basehttp "POST /login/ HTTP/1.1" 401 28
INFO 2025-04-28 20:33:24,272 autoreload Watching for file changes with StatReloader
INFO 2025-04-28 20:33:28,613 basehttp "POST /signup/ HTTP/1.1" 200 95
INFO 2025-04-28 20:35:26,324 autoreload C:\Users\timonM1\Desktop\Flavio proyecto\Signature-Rest-Api\signature\serializers.py changed, reloading.
INFO 2025-04-28 20:35:27,231 autoreload Watching for file changes with StatReloader
WARNING 2025-04-28 20:46:37,316 log Unauthorized: /api/users/
WARNING 2025-04-28 20:46:37,317 basehttp "POST /api/users/ HTTP/1.1" 401 27
WARNING 2025-04-28 20:47:32,276 log Unauthorized: /api/users/
WARNING 2025-04-28 20:47:32,278 basehttp "POST /api/users/ HTTP/1.1" 401 27
WARNING 2025-04-28 20:47:41,554 log Unauthorized: /api/users/
WARNING 2025-04-28 20:47:41,555 basehttp "GET /api/users/ HTTP/1.1" 401 27
WARNING 2025-04-28 20:47:55,048 log Not Found: /singup/
WARNING 2025-04-28 20:47:55,049 basehttp "GET /singup/ HTTP/1.1" 404 179
WARNING 2025-04-28 20:48:19,141 log Method Not Allowed: /signup/
WARNING 2025-04-28 20:48:19,142 basehttp "GET /signup/ HTTP/1.1" 405 40
WARNING 2025-04-28 20:48:32,809 log Bad Request: /signup/
WARNING 2025-04-28 20:48:32,809 basehttp "POST /signup/ HTTP/1.1" 400 65
INFO 2025-04-28 20:48:40,052 basehttp "POST /signup/ HTTP/1.1" 200 96
INFO 2025-04-28 20:48:59,197 basehttp "GET /api/users HTTP/1.1" 301 0
INFO 2025-04-28 20:48:59,206 basehttp "GET /api/users/ HTTP/1.1" 200 219
INFO 2025-04-28 20:49:10,047 basehttp "POST /api/users HTTP/1.1" 301 0
INFO 2025-04-28 20:49:10,053 basehttp "GET /api/users/ HTTP/1.1" 200 219
INFO 2025-04-28 20:49:19,967 basehttp "POST /api/users HTTP/1.1" 301 0
INFO 2025-04-28 20:49:19,974 basehttp "GET /api/users/ HTTP/1.1" 200 219
INFO 2025-04-28 20:49:29,852 basehttp "POST /api/users/ HTTP/1.1" 201 37
INFO 2025-04-28 20:50:37,956 basehttp "GET /login HTTP/1.1" 301 0
WARNING 2025-04-28 20:50:37,960 log Method Not Allowed: /login/
WARNING 2025-04-28 20:50:37,961 basehttp "GET /login/ HTTP/1.1" 405 40
WARNING 2025-04-28 20:50:45,028 log Not Found: /api/login/
WARNING 2025-04-28 20:50:45,028 basehttp "GET /api/login/ HTTP/1.1" 404 179
WARNING 2025-04-28 20:50:50,599 log Method Not Allowed: /login/
WARNING 2025-04-28 20:50:50,600 basehttp "GET /login/ HTTP/1.1" 405 40
WARNING 2025-04-28 20:51:01,024 log Unauthorized: /login/
WARNING 2025-04-28 20:51:01,026 basehttp "POST /login/ HTTP/1.1" 401 28
INFO 2025-04-28 20:51:17,450 basehttp "POST /login/ HTTP/1.1" 200 96
WARNING 2025-04-28 20:52:25,646 log Unauthorized: /login/
WARNING 2025-04-28 20:52:25,647 basehttp "POST /login/ HTTP/1.1" 401 28
INFO 2025-04-28 20:59:07,702 autoreload C:\Users\timonM1\Desktop\Flavio proyecto\Signature-Rest-Api\signature\serializers.py changed, reloading.
INFO 2025-04-28 20:59:08,639 autoreload Watching for file changes with StatReloader
INFO 2025-04-28 20:59:14,015 autoreload C:\Users\timonM1\Desktop\Flavio proyecto\Signature-Rest-Api\signature\serializers.py changed, reloading.
INFO 2025-04-28 20:59:14,945 autoreload Watching for file changes with StatReloader
INFO 2025-04-28 20:59:17,062 autoreload C:\Users\timonM1\Desktop\Flavio proyecto\Signature-Rest-Api\signature\serializers.py changed, reloading.
INFO 2025-04-28 20:59:17,845 autoreload Watching for file changes with StatReloader
INFO 2025-04-28 21:03:43,112 autoreload C:\Users\timonM1\Desktop\Flavio proyecto\Signature-Rest-Api\signature\serializers.py changed, reloading.
INFO 2025-04-28 21:03:44,054 autoreload Watching for file changes with StatReloader
INFO 2025-04-28 21:04:24,687 autoreload C:\Users\timonM1\Desktop\Flavio proyecto\Signature-Rest-Api\signature\views.py changed, reloading.
INFO 2025-04-28 21:04:25,672 autoreload Watching for file changes with StatReloader
INFO 2025-04-28 21:05:48,331 autoreload C:\Users\timonM1\Desktop\Flavio proyecto\Signature-Rest-Api\signature\serializers.py changed, reloading.
INFO 2025-04-28 21:05:49,320 autoreload Watching for file changes with StatReloader
ERROR 2025-04-28 21:06:07,530 log Internal Server Error: /api/users/
Traceback (most recent call last):
  File "C:\Users\timonM1\Desktop\Flavio proyecto\Signature-Rest-Api\venv\Lib\site-packages\django\core\handlers\exception.py", line 55, in inner
    response = get_response(request)
               ^^^^^^^^^^^^^^^^^^^^^
  File "C:\Users\timonM1\Desktop\Flavio proyecto\Signature-Rest-Api\venv\Lib\site-packages\django\core\handlers\base.py", line 197, in _get_response
    response = wrapped_callback(request, *callback_args, **callback_kwargs)
               ^^^^^^^^^^^^^^^^^^^^^^^^^^^^^^^^^^^^^^^^^^^^^^^^^^^^^^^^^^^^
  File "C:\Users\timonM1\Desktop\Flavio proyecto\Signature-Rest-Api\venv\Lib\site-packages\django\views\decorators\csrf.py", line 65, in _view_wrapper
    return view_func(request, *args, **kwargs)
           ^^^^^^^^^^^^^^^^^^^^^^^^^^^^^^^^^^^
  File "C:\Users\timonM1\Desktop\Flavio proyecto\Signature-Rest-Api\venv\Lib\site-packages\rest_framework\viewsets.py", line 125, in view
    return self.dispatch(request, *args, **kwargs)
           ^^^^^^^^^^^^^^^^^^^^^^^^^^^^^^^^^^^^^^^
  File "C:\Users\timonM1\Desktop\Flavio proyecto\Signature-Rest-Api\venv\Lib\site-packages\rest_framework\views.py", line 515, in dispatch
    response = self.handle_exception(exc)
               ^^^^^^^^^^^^^^^^^^^^^^^^^^
  File "C:\Users\timonM1\Desktop\Flavio proyecto\Signature-Rest-Api\venv\Lib\site-packages\rest_framework\views.py", line 475, in handle_exception
    self.raise_uncaught_exception(exc)
  File "C:\Users\timonM1\Desktop\Flavio proyecto\Signature-Rest-Api\venv\Lib\site-packages\rest_framework\views.py", line 486, in raise_uncaught_exception
    raise exc
  File "C:\Users\timonM1\Desktop\Flavio proyecto\Signature-Rest-Api\venv\Lib\site-packages\rest_framework\views.py", line 512, in dispatch
    response = handler(request, *args, **kwargs)
               ^^^^^^^^^^^^^^^^^^^^^^^^^^^^^^^^^
  File "C:\Users\timonM1\Desktop\Flavio proyecto\Signature-Rest-Api\venv\Lib\site-packages\rest_framework\mixins.py", line 18, in create
    serializer.is_valid(raise_exception=True)
  File "C:\Users\timonM1\Desktop\Flavio proyecto\Signature-Rest-Api\venv\Lib\site-packages\rest_framework\serializers.py", line 225, in is_valid
    self._validated_data = self.run_validation(self.initial_data)
                           ^^^^^^^^^^^^^^^^^^^^^^^^^^^^^^^^^^^^^^
  File "C:\Users\timonM1\Desktop\Flavio proyecto\Signature-Rest-Api\venv\Lib\site-packages\rest_framework\serializers.py", line 444, in run_validation
    value = self.to_internal_value(data)
            ^^^^^^^^^^^^^^^^^^^^^^^^^^^^
  File "C:\Users\timonM1\Desktop\Flavio proyecto\Signature-Rest-Api\venv\Lib\site-packages\rest_framework\serializers.py", line 503, in to_internal_value
    validated_value = validate_method(validated_value)
                      ^^^^^^^^^^^^^^^^^^^^^^^^^^^^^^^^
  File "C:\Users\timonM1\Desktop\Flavio proyecto\Signature-Rest-Api\signature\serializers.py", line 67, in validate_username
    if not re.match(r'^[a-zA-Z0-9]+$', value):
           ^^
NameError: name 're' is not defined. Did you forget to import 're'
ERROR 2025-04-28 21:06:07,667 basehttp "POST /api/users/ HTTP/1.1" 500 145
INFO 2025-04-28 21:06:24,040 autoreload C:\Users\timonM1\Desktop\Flavio proyecto\Signature-Rest-Api\signature\serializers.py changed, reloading.
INFO 2025-04-28 21:06:25,004 autoreload Watching for file changes with StatReloader
WARNING 2025-04-28 21:06:27,715 log Bad Request: /api/users/
WARNING 2025-04-28 21:06:27,715 basehttp "POST /api/users/ HTTP/1.1" 400 76
INFO 2025-04-28 21:06:34,649 basehttp "POST /api/users/ HTTP/1.1" 201 38
INFO 2025-04-28 21:06:50,041 basehttp "POST /login HTTP/1.1" 301 0
WARNING 2025-04-28 21:06:50,045 log Method Not Allowed: /login/
WARNING 2025-04-28 21:06:50,046 basehttp "GET /login/ HTTP/1.1" 405 40
WARNING 2025-04-28 21:06:57,312 log Unauthorized: /login/
WARNING 2025-04-28 21:06:57,313 basehttp "POST /login/ HTTP/1.1" 401 28
INFO 2025-04-28 21:15:09,387 autoreload C:\Users\timonM1\Desktop\Flavio proyecto\Signature-Rest-Api\signature\serializers.py changed, reloading.
INFO 2025-04-28 21:15:10,448 autoreload Watching for file changes with StatReloader
INFO 2025-04-28 21:20:19,096 autoreload C:\Users\timonM1\Desktop\Flavio proyecto\Signature-Rest-Api\signature\serializers.py changed, reloading.
INFO 2025-04-28 21:20:20,042 autoreload Watching for file changes with StatReloader
WARNING 2025-04-28 21:20:39,278 log Bad Request: /api/users/
WARNING 2025-04-28 21:20:39,279 basehttp "POST /api/users/ HTTP/1.1" 400 45
WARNING 2025-04-28 21:20:43,981 log Bad Request: /api/users/
WARNING 2025-04-28 21:20:43,981 basehttp "POST /api/users/ HTTP/1.1" 400 45
INFO 2025-04-28 21:20:53,199 autoreload C:\Users\timonM1\Desktop\Flavio proyecto\Signature-Rest-Api\signature\serializers.py changed, reloading.
INFO 2025-04-28 21:20:54,066 autoreload Watching for file changes with StatReloader
WARNING 2025-04-28 21:20:56,645 log Bad Request: /api/users/
WARNING 2025-04-28 21:20:56,645 basehttp "POST /api/users/ HTTP/1.1" 400 45
INFO 2025-04-28 21:21:14,532 autoreload C:\Users\timonM1\Desktop\Flavio proyecto\Signature-Rest-Api\signature\serializers.py changed, reloading.
INFO 2025-04-28 21:21:15,572 autoreload Watching for file changes with StatReloader
WARNING 2025-04-28 21:21:25,013 log Bad Request: /api/users/
WARNING 2025-04-28 21:21:25,013 basehttp "POST /api/users/ HTTP/1.1" 400 45
INFO 2025-04-28 21:21:39,288 autoreload C:\Users\timonM1\Desktop\Flavio proyecto\Signature-Rest-Api\signature\serializers.py changed, reloading.
INFO 2025-04-28 21:21:40,118 autoreload Watching for file changes with StatReloader
WARNING 2025-04-28 21:21:42,724 log Bad Request: /api/users/
WARNING 2025-04-28 21:21:42,724 basehttp "POST /api/users/ HTTP/1.1" 400 45
INFO 2025-04-28 21:22:07,788 autoreload C:\Users\timonM1\Desktop\Flavio proyecto\Signature-Rest-Api\signature\serializers.py changed, reloading.
INFO 2025-04-28 21:22:08,766 autoreload Watching for file changes with StatReloader
WARNING 2025-04-28 21:22:12,486 log Bad Request: /api/users/
WARNING 2025-04-28 21:22:12,486 basehttp "POST /api/users/ HTTP/1.1" 400 45
INFO 2025-04-28 21:22:22,950 autoreload C:\Users\timonM1\Desktop\Flavio proyecto\Signature-Rest-Api\signature\serializers.py changed, reloading.
INFO 2025-04-28 21:22:23,806 autoreload Watching for file changes with StatReloader
WARNING 2025-04-28 21:24:35,492 log Bad Request: /api/users/
WARNING 2025-04-28 21:24:35,493 basehttp "POST /api/users/ HTTP/1.1" 400 45
INFO 2025-04-28 21:24:51,083 autoreload C:\Users\timonM1\Desktop\Flavio proyecto\Signature-Rest-Api\signature\serializers.py changed, reloading.
INFO 2025-04-28 21:24:52,144 autoreload Watching for file changes with StatReloader
WARNING 2025-04-28 21:24:55,402 log Bad Request: /api/users/
WARNING 2025-04-28 21:24:55,403 basehttp "POST /api/users/ HTTP/1.1" 400 45
WARNING 2025-04-28 21:25:18,000 log Bad Request: /api/users/
WARNING 2025-04-28 21:25:18,001 basehttp "POST /api/users/ HTTP/1.1" 400 45
WARNING 2025-04-28 21:25:20,123 log Bad Request: /api/users/
WARNING 2025-04-28 21:25:20,123 basehttp "POST /api/users/ HTTP/1.1" 400 45
WARNING 2025-04-28 21:26:07,168 log Bad Request: /api/users/
WARNING 2025-04-28 21:26:07,168 basehttp "POST /api/users/ HTTP/1.1" 400 45
INFO 2025-04-28 21:26:29,132 autoreload C:\Users\timonM1\Desktop\Flavio proyecto\Signature-Rest-Api\signature\views.py changed, reloading.
INFO 2025-04-28 21:26:29,953 autoreload Watching for file changes with StatReloader
INFO 2025-04-28 21:26:44,305 autoreload Watching for file changes with StatReloader
WARNING 2025-04-28 21:26:49,655 log Bad Request: /api/users/
WARNING 2025-04-28 21:26:49,655 basehttp "POST /api/users/ HTTP/1.1" 400 45
INFO 2025-04-28 21:27:00,725 basehttp "POST /api/users HTTP/1.1" 301 0
INFO 2025-04-28 21:27:00,736 basehttp "GET /api/users/ HTTP/1.1" 200 296
WARNING 2025-04-28 21:27:24,978 log Bad Request: /api/users/
WARNING 2025-04-28 21:27:24,978 basehttp "POST /api/users/ HTTP/1.1" 400 45
INFO 2025-04-28 21:27:49,095 basehttp "POST /api/users HTTP/1.1" 301 0
INFO 2025-04-28 21:27:49,102 basehttp "GET /api/users/ HTTP/1.1" 200 296
INFO 2025-04-28 21:27:51,909 basehttp "POST /api/users HTTP/1.1" 301 0
INFO 2025-04-28 21:27:51,916 basehttp "GET /api/users/ HTTP/1.1" 200 296
INFO 2025-04-28 21:28:03,540 basehttp "PUT /api/users HTTP/1.1" 301 0
INFO 2025-04-28 21:28:03,572 basehttp "GET /api/users/ HTTP/1.1" 200 296
INFO 2025-04-28 21:28:07,491 basehttp "POST /api/users HTTP/1.1" 301 0
INFO 2025-04-28 21:28:07,505 basehttp "GET /api/users/ HTTP/1.1" 200 296
INFO 2025-04-28 21:28:09,549 basehttp "GET /api/users HTTP/1.1" 301 0
INFO 2025-04-28 21:28:09,558 basehttp "GET /api/users/ HTTP/1.1" 200 296
INFO 2025-04-28 21:28:12,354 basehttp "POST /api/users HTTP/1.1" 301 0
INFO 2025-04-28 21:28:12,361 basehttp "GET /api/users/ HTTP/1.1" 200 296
INFO 2025-04-28 21:29:36,401 basehttp "GET /api/users HTTP/1.1" 301 0
INFO 2025-04-28 21:29:36,411 basehttp "GET /api/users/ HTTP/1.1" 200 296
INFO 2025-04-28 21:29:41,407 basehttp "POST /api/users HTTP/1.1" 301 0
INFO 2025-04-28 21:29:41,414 basehttp "GET /api/users/ HTTP/1.1" 200 296
INFO 2025-04-28 21:29:45,499 basehttp "PUT /api/users HTTP/1.1" 301 0
INFO 2025-04-28 21:29:45,508 basehttp "GET /api/users/ HTTP/1.1" 200 296
INFO 2025-04-28 21:29:49,928 basehttp "PATCH /api/users HTTP/1.1" 301 0
INFO 2025-04-28 21:29:49,935 basehttp "GET /api/users/ HTTP/1.1" 200 296
INFO 2025-04-28 21:30:09,525 basehttp "GET /api/users/ HTTP/1.1" 200 296
WARNING 2025-04-28 21:30:14,595 log Bad Request: /api/users/
WARNING 2025-04-28 21:30:14,595 basehttp "POST /api/users/ HTTP/1.1" 400 45
WARNING 2025-04-28 21:30:18,943 log Bad Request: /api/users/
WARNING 2025-04-28 21:30:18,944 basehttp "POST /api/users/ HTTP/1.1" 400 45
WARNING 2025-04-28 21:30:21,028 log Method Not Allowed: /api/users/
WARNING 2025-04-28 21:30:21,029 basehttp "PUT /api/users/ HTTP/1.1" 405 40
WARNING 2025-04-28 21:33:25,314 log Bad Request: /api/users/
WARNING 2025-04-28 21:33:25,315 basehttp "POST /api/users/ HTTP/1.1" 400 45
WARNING 2025-04-28 21:33:41,482 log Bad Request: /api/users/
WARNING 2025-04-28 21:33:41,483 basehttp "POST /api/users/ HTTP/1.1" 400 45
WARNING 2025-04-28 21:34:49,741 log Bad Request: /api/users/
WARNING 2025-04-28 21:34:49,742 basehttp "POST /api/users/ HTTP/1.1" 400 108
WARNING 2025-04-28 21:34:53,121 log Bad Request: /api/users/
WARNING 2025-04-28 21:34:53,122 basehttp "POST /api/users/ HTTP/1.1" 400 45
ERROR 2025-04-28 21:35:17,707 log Internal Server Error: /api/users/
Traceback (most recent call last):
  File "C:\Users\timonM1\Desktop\Flavio proyecto\Signature-Rest-Api\venv\Lib\site-packages\django\core\handlers\exception.py", line 55, in inner
    response = get_response(request)
               ^^^^^^^^^^^^^^^^^^^^^
  File "C:\Users\timonM1\Desktop\Flavio proyecto\Signature-Rest-Api\venv\Lib\site-packages\django\core\handlers\base.py", line 197, in _get_response
    response = wrapped_callback(request, *callback_args, **callback_kwargs)
               ^^^^^^^^^^^^^^^^^^^^^^^^^^^^^^^^^^^^^^^^^^^^^^^^^^^^^^^^^^^^
  File "C:\Users\timonM1\Desktop\Flavio proyecto\Signature-Rest-Api\venv\Lib\site-packages\django\views\decorators\csrf.py", line 65, in _view_wrapper
    return view_func(request, *args, **kwargs)
           ^^^^^^^^^^^^^^^^^^^^^^^^^^^^^^^^^^^
  File "C:\Users\timonM1\Desktop\Flavio proyecto\Signature-Rest-Api\venv\Lib\site-packages\rest_framework\viewsets.py", line 125, in view
    return self.dispatch(request, *args, **kwargs)
           ^^^^^^^^^^^^^^^^^^^^^^^^^^^^^^^^^^^^^^^
  File "C:\Users\timonM1\Desktop\Flavio proyecto\Signature-Rest-Api\venv\Lib\site-packages\rest_framework\views.py", line 515, in dispatch
    response = self.handle_exception(exc)
               ^^^^^^^^^^^^^^^^^^^^^^^^^^
  File "C:\Users\timonM1\Desktop\Flavio proyecto\Signature-Rest-Api\venv\Lib\site-packages\rest_framework\views.py", line 475, in handle_exception
    self.raise_uncaught_exception(exc)
  File "C:\Users\timonM1\Desktop\Flavio proyecto\Signature-Rest-Api\venv\Lib\site-packages\rest_framework\views.py", line 486, in raise_uncaught_exception
    raise exc
  File "C:\Users\timonM1\Desktop\Flavio proyecto\Signature-Rest-Api\venv\Lib\site-packages\rest_framework\views.py", line 512, in dispatch
    response = handler(request, *args, **kwargs)
               ^^^^^^^^^^^^^^^^^^^^^^^^^^^^^^^^^
  File "C:\Users\timonM1\Desktop\Flavio proyecto\Signature-Rest-Api\venv\Lib\site-packages\rest_framework\mixins.py", line 19, in create
    self.perform_create(serializer)
  File "C:\Users\timonM1\Desktop\Flavio proyecto\Signature-Rest-Api\signature\views.py", line 51, in perform_create
    user = serializer.save()
           ^^^^^^^^^^^^^^^^^
  File "C:\Users\timonM1\Desktop\Flavio proyecto\Signature-Rest-Api\venv\Lib\site-packages\rest_framework\serializers.py", line 210, in save
    self.instance = self.create(validated_data)
                    ^^^^^^^^^^^^^^^^^^^^^^^^^^^
  File "C:\Users\timonM1\Desktop\Flavio proyecto\Signature-Rest-Api\signature\serializers.py", line 46, in create
    password = validated_data.pop('password')
               ^^^^^^^^^^^^^^^^^^^^^^^^^^^^^^
KeyError: 'password'
ERROR 2025-04-28 21:35:17,714 basehttp "POST /api/users/ HTTP/1.1" 500 145
INFO 2025-04-28 21:35:23,740 basehttp "GET /api/users/ HTTP/1.1" 200 296
INFO 2025-04-28 21:37:10,584 autoreload C:\Users\timonM1\Desktop\Flavio proyecto\Signature-Rest-Api\signature\serializers.py changed, reloading.
INFO 2025-04-28 21:37:11,655 autoreload Watching for file changes with StatReloader
WARNING 2025-04-28 21:37:13,740 log Bad Request: /api/users/
WARNING 2025-04-28 21:37:13,740 basehttp "POST /api/users/ HTTP/1.1" 400 45
WARNING 2025-04-28 21:39:17,108 log Bad Request: /api/users/
WARNING 2025-04-28 21:39:17,110 basehttp "POST /api/users/ HTTP/1.1" 400 108
WARNING 2025-04-28 21:39:19,570 log Bad Request: /api/users/
WARNING 2025-04-28 21:39:19,571 basehttp "POST /api/users/ HTTP/1.1" 400 45
WARNING 2025-04-28 21:39:35,739 log Bad Request: /api/users/
WARNING 2025-04-28 21:39:35,740 basehttp "POST /api/users/ HTTP/1.1" 400 45
WARNING 2025-04-28 21:39:47,058 log Bad Request: /api/users/
WARNING 2025-04-28 21:39:47,059 basehttp "POST /api/users/ HTTP/1.1" 400 45
INFO 2025-04-28 21:42:10,458 autoreload C:\Users\timonM1\Desktop\Flavio proyecto\Signature-Rest-Api\signature\urls.py changed, reloading.
INFO 2025-04-28 21:42:11,258 autoreload Watching for file changes with StatReloader
INFO 2025-04-28 21:43:48,280 autoreload C:\Users\timonM1\Desktop\Flavio proyecto\Signature-Rest-Api\signature\views.py changed, reloading.
INFO 2025-04-28 21:43:49,105 autoreload Watching for file changes with StatReloader
INFO 2025-04-28 21:43:52,108 autoreload C:\Users\timonM1\Desktop\Flavio proyecto\Signature-Rest-Api\signature\views.py changed, reloading.
INFO 2025-04-28 21:43:52,868 autoreload Watching for file changes with StatReloader
WARNING 2025-04-28 21:43:56,758 log Bad Request: /api/users/
WARNING 2025-04-28 21:43:56,759 basehttp "POST /api/users/ HTTP/1.1" 400 45
INFO 2025-04-28 21:45:50,295 autoreload C:\Users\timonM1\Desktop\Flavio proyecto\Signature-Rest-Api\signature\serializers.py changed, reloading.
INFO 2025-04-28 21:45:51,117 autoreload Watching for file changes with StatReloader
INFO 2025-04-28 21:45:54,512 basehttp "POST /api/users/ HTTP/1.1" 201 24
INFO 2025-04-28 21:49:05,144 basehttp "GET /api/users/ HTTP/1.1" 200 321
INFO 2025-04-28 21:49:40,277 autoreload C:\Users\timonM1\Desktop\Flavio proyecto\Signature-Rest-Api\signature\serializers.py changed, reloading.
INFO 2025-04-28 21:49:41,199 autoreload Watching for file changes with StatReloader
INFO 2025-04-28 21:49:45,587 basehttp "GET /api/users/ HTTP/1.1" 200 321
WARNING 2025-04-28 21:49:49,012 log Bad Request: /api/users/
WARNING 2025-04-28 21:49:49,013 basehttp "POST /api/users/ HTTP/1.1" 400 102
WARNING 2025-04-28 21:49:57,607 log Bad Request: /api/users/
WARNING 2025-04-28 21:49:57,607 basehttp "POST /api/users/ HTTP/1.1" 400 45
WARNING 2025-04-28 21:50:05,344 log Bad Request: /api/users/
WARNING 2025-04-28 21:50:05,344 basehttp "POST /api/users/ HTTP/1.1" 400 108
WARNING 2025-04-28 21:50:13,418 log Bad Request: /api/users/
WARNING 2025-04-28 21:50:13,419 basehttp "POST /api/users/ HTTP/1.1" 400 44
WARNING 2025-04-28 21:50:19,425 log Bad Request: /api/users/
WARNING 2025-04-28 21:50:19,426 basehttp "POST /api/users/ HTTP/1.1" 400 75
INFO 2025-04-28 21:51:03,056 autoreload C:\Users\timonM1\Desktop\Flavio proyecto\Signature-Rest-Api\signature\serializers.py changed, reloading.
INFO 2025-04-28 21:51:03,930 autoreload Watching for file changes with StatReloader
INFO 2025-04-28 21:51:15,878 autoreload C:\Users\timonM1\Desktop\Flavio proyecto\Signature-Rest-Api\signature\views.py changed, reloading.
INFO 2025-04-28 21:51:16,732 autoreload Watching for file changes with StatReloader
INFO 2025-04-28 21:51:40,964 basehttp "POST /login HTTP/1.1" 301 0
WARNING 2025-04-28 21:51:40,969 log Method Not Allowed: /login/
WARNING 2025-04-28 21:51:40,969 basehttp "GET /login/ HTTP/1.1" 405 40
INFO 2025-04-28 21:51:44,268 basehttp "POST /login HTTP/1.1" 301 0
WARNING 2025-04-28 21:51:44,273 log Method Not Allowed: /login/
WARNING 2025-04-28 21:51:44,274 basehttp "GET /login/ HTTP/1.1" 405 40
INFO 2025-04-28 21:51:47,794 basehttp "POST /login/ HTTP/1.1" 200 84
INFO 2025-04-28 21:51:55,729 basehttp "OPTIONS /login/ HTTP/1.1" 200 0
INFO 2025-04-28 21:51:56,837 basehttp "POST /login/ HTTP/1.1" 200 84
INFO 2025-04-28 21:51:57,704 basehttp "OPTIONS /api/majors/getMajors/ HTTP/1.1" 200 0
INFO 2025-04-28 21:51:57,710 basehttp "OPTIONS /api/subjects/ HTTP/1.1" 200 0
INFO 2025-04-28 21:51:57,715 basehttp "OPTIONS /api/subjects/ HTTP/1.1" 200 0
INFO 2025-04-28 21:51:57,717 basehttp "GET /api/majors/getMajors/ HTTP/1.1" 200 1065
INFO 2025-04-28 21:51:57,732 basehttp "GET /api/majors/getMajors/ HTTP/1.1" 200 1065
INFO 2025-04-28 21:51:57,751 basehttp "GET /api/subjects/ HTTP/1.1" 200 709
INFO 2025-04-28 21:51:57,770 basehttp "GET /api/subjects/ HTTP/1.1" 200 709
INFO 2025-04-28 21:51:57,773 basehttp "GET /api/majors/getMajors/ HTTP/1.1" 200 1065
INFO 2025-04-28 21:51:57,788 basehttp "GET /api/majors/getMajors/ HTTP/1.1" 200 1065
INFO 2025-04-28 21:55:27,644 autoreload C:\Users\timonM1\Desktop\Flavio proyecto\Signature-Rest-Api\signature\views.py changed, reloading.
INFO 2025-04-28 21:55:28,629 autoreload Watching for file changes with StatReloader
INFO 2025-04-28 22:01:52,181 autoreload C:\Users\timonM1\Desktop\Flavio proyecto\Signature-Rest-Api\signature\views.py changed, reloading.
INFO 2025-04-28 22:01:53,063 autoreload Watching for file changes with StatReloader
WARNING 2025-04-28 22:02:00,751 log Bad Request: /api/users/
WARNING 2025-04-28 22:02:00,751 basehttp "POST /api/users/ HTTP/1.1" 400 58
INFO 2025-04-28 22:02:16,727 autoreload C:\Users\timonM1\Desktop\Flavio proyecto\Signature-Rest-Api\signature\views.py changed, reloading.
INFO 2025-04-28 22:02:17,581 autoreload Watching for file changes with StatReloader
WARNING 2025-04-28 22:02:24,949 log Bad Request: /api/users/
WARNING 2025-04-28 22:02:24,950 basehttp "POST /api/users/ HTTP/1.1" 400 58
INFO 2025-04-28 22:02:32,733 autoreload C:\Users\timonM1\Desktop\Flavio proyecto\Signature-Rest-Api\signature\views.py changed, reloading.
INFO 2025-04-28 22:02:33,559 autoreload Watching for file changes with StatReloader
INFO 2025-04-28 22:02:44,298 basehttp "POST /api/users/ HTTP/1.1" 201 25
INFO 2025-04-28 22:02:51,009 basehttp "GET /api/users/ HTTP/1.1" 200 347
INFO 2025-04-28 22:10:33,945 basehttp "OPTIONS /api/users/ HTTP/1.1" 200 0
INFO 2025-04-28 22:10:33,949 basehttp "OPTIONS /api/users/ HTTP/1.1" 200 0
INFO 2025-04-28 22:10:33,954 basehttp "GET /api/users/ HTTP/1.1" 200 347
INFO 2025-04-28 22:10:33,960 basehttp "GET /api/users/ HTTP/1.1" 200 347
INFO 2025-04-28 22:10:43,109 basehttp "OPTIONS /api/users/20/ HTTP/1.1" 200 0
INFO 2025-04-28 22:10:43,124 basehttp "DELETE /api/users/20/ HTTP/1.1" 204 0
INFO 2025-04-28 22:10:45,808 basehttp "OPTIONS /api/users/19/ HTTP/1.1" 200 0
INFO 2025-04-28 22:10:45,821 basehttp "DELETE /api/users/19/ HTTP/1.1" 204 0
INFO 2025-04-28 22:10:46,898 basehttp "OPTIONS /api/users/18/ HTTP/1.1" 200 0
WARNING 2025-04-28 22:10:46,903 log Unauthorized: /api/users/18/
WARNING 2025-04-28 22:10:46,904 basehttp "DELETE /api/users/18/ HTTP/1.1" 401 27
INFO 2025-04-28 22:10:55,381 basehttp "OPTIONS /api/users/17/ HTTP/1.1" 200 0
WARNING 2025-04-28 22:10:55,386 log Unauthorized: /api/users/17/
WARNING 2025-04-28 22:10:55,387 basehttp "DELETE /api/users/17/ HTTP/1.1" 401 27
INFO 2025-04-28 22:10:56,329 basehttp "OPTIONS /api/users/16/ HTTP/1.1" 200 0
WARNING 2025-04-28 22:10:56,333 log Unauthorized: /api/users/16/
WARNING 2025-04-28 22:10:56,334 basehttp "DELETE /api/users/16/ HTTP/1.1" 401 27
INFO 2025-04-28 22:10:56,825 basehttp "OPTIONS /api/users/15/ HTTP/1.1" 200 0
WARNING 2025-04-28 22:10:56,829 log Unauthorized: /api/users/15/
WARNING 2025-04-28 22:10:56,830 basehttp "DELETE /api/users/15/ HTTP/1.1" 401 27
INFO 2025-04-28 22:10:57,214 basehttp "OPTIONS /api/users/14/ HTTP/1.1" 200 0
WARNING 2025-04-28 22:10:57,218 log Unauthorized: /api/users/14/
WARNING 2025-04-28 22:10:57,219 basehttp "DELETE /api/users/14/ HTTP/1.1" 401 27
WARNING 2025-04-28 22:14:23,109 log Unauthorized: /api/majors/getMajors/
WARNING 2025-04-28 22:14:23,111 log Unauthorized: /api/subjects/
WARNING 2025-04-28 22:14:23,112 basehttp "GET /api/majors/getMajors/ HTTP/1.1" 401 27
WARNING 2025-04-28 22:14:23,112 basehttp "GET /api/subjects/ HTTP/1.1" 401 27
WARNING 2025-04-28 22:14:23,122 log Unauthorized: /api/majors/getMajors/
WARNING 2025-04-28 22:14:23,123 log Unauthorized: /api/subjects/
WARNING 2025-04-28 22:14:23,123 basehttp "GET /api/majors/getMajors/ HTTP/1.1" 401 27
WARNING 2025-04-28 22:14:23,124 basehttp "GET /api/subjects/ HTTP/1.1" 401 27
WARNING 2025-04-28 22:14:23,159 log Unauthorized: /api/majors/getMajors/
WARNING 2025-04-28 22:14:23,159 basehttp "GET /api/majors/getMajors/ HTTP/1.1" 401 27
WARNING 2025-04-28 22:14:23,165 log Unauthorized: /api/majors/getMajors/
WARNING 2025-04-28 22:14:23,166 basehttp "GET /api/majors/getMajors/ HTTP/1.1" 401 27
INFO 2025-04-28 22:14:41,166 basehttp "POST /api/users/ HTTP/1.1" 201 24
INFO 2025-04-28 22:14:44,524 basehttp "POST /login/ HTTP/1.1" 200 84
INFO 2025-04-28 22:14:44,976 basehttp "GET /api/majors/getMajors/ HTTP/1.1" 200 1065
INFO 2025-04-28 22:14:44,994 basehttp "GET /api/majors/getMajors/ HTTP/1.1" 200 1065
INFO 2025-04-28 22:14:44,998 basehttp "GET /api/subjects/ HTTP/1.1" 200 709
INFO 2025-04-28 22:14:45,017 basehttp "GET /api/subjects/ HTTP/1.1" 200 709
INFO 2025-04-28 22:14:45,043 basehttp "GET /api/majors/getMajors/ HTTP/1.1" 200 1065
INFO 2025-04-28 22:14:45,049 basehttp "GET /api/majors/getMajors/ HTTP/1.1" 200 1065
INFO 2025-04-28 22:14:49,727 basehttp "GET /api/users/ HTTP/1.1" 200 321
INFO 2025-04-28 22:14:49,736 basehttp "GET /api/users/ HTTP/1.1" 200 321
INFO 2025-04-28 22:14:51,957 basehttp "GET /api/majors/getMajors/ HTTP/1.1" 200 1065
INFO 2025-04-28 22:14:51,965 basehttp "GET /api/majors/getMajors/ HTTP/1.1" 200 1065
INFO 2025-04-28 22:24:35,895 autoreload C:\Users\timonM1\Desktop\Flavio proyecto\Signature-Rest-Api\signature\serializers.py changed, reloading.
INFO 2025-04-28 22:24:36,942 autoreload Watching for file changes with StatReloader
INFO 2025-04-28 22:24:49,090 autoreload C:\Users\timonM1\Desktop\Flavio proyecto\Signature-Rest-Api\signature\serializers.py changed, reloading.
INFO 2025-04-28 22:24:50,196 autoreload Watching for file changes with StatReloader
INFO 2025-04-28 22:24:57,899 autoreload C:\Users\timonM1\Desktop\Flavio proyecto\Signature-Rest-Api\signature\serializers.py changed, reloading.
INFO 2025-04-28 22:24:58,797 autoreload Watching for file changes with StatReloader
INFO 2025-04-28 22:25:00,724 autoreload C:\Users\timonM1\Desktop\Flavio proyecto\Signature-Rest-Api\signature\serializers.py changed, reloading.
INFO 2025-04-28 22:25:01,626 autoreload Watching for file changes with StatReloader
INFO 2025-04-28 22:25:55,892 autoreload C:\Users\timonM1\Desktop\Flavio proyecto\Signature-Rest-Api\signature\serializers.py changed, reloading.
INFO 2025-04-28 22:25:56,721 autoreload Watching for file changes with StatReloader
INFO 2025-04-28 22:26:00,012 autoreload C:\Users\timonM1\Desktop\Flavio proyecto\Signature-Rest-Api\signature\serializers.py changed, reloading.
INFO 2025-04-28 22:26:00,946 autoreload Watching for file changes with StatReloader
INFO 2025-04-28 22:26:18,011 autoreload C:\Users\timonM1\Desktop\Flavio proyecto\Signature-Rest-Api\signature\views.py changed, reloading.
INFO 2025-04-28 22:26:18,978 autoreload Watching for file changes with StatReloader
INFO 2025-04-28 22:26:38,466 autoreload C:\Users\timonM1\Desktop\Flavio proyecto\Signature-Rest-Api\signature\serializers.py changed, reloading.
INFO 2025-04-28 22:26:39,440 autoreload Watching for file changes with StatReloader
INFO 2025-04-28 22:26:46,143 autoreload C:\Users\timonM1\Desktop\Flavio proyecto\Signature-Rest-Api\signature\serializers.py changed, reloading.
INFO 2025-04-28 22:26:47,029 autoreload Watching for file changes with StatReloader
INFO 2025-04-28 22:26:49,222 autoreload C:\Users\timonM1\Desktop\Flavio proyecto\Signature-Rest-Api\signature\serializers.py changed, reloading.
INFO 2025-04-28 22:26:50,082 autoreload Watching for file changes with StatReloader
WARNING 2025-04-28 22:26:58,794 log Bad Request: /api/users/
WARNING 2025-04-28 22:26:58,794 basehttp "POST /api/users/ HTTP/1.1" 400 58
INFO 2025-04-28 22:27:04,613 basehttp "POST /api/users/ HTTP/1.1" 201 40
INFO 2025-04-28 22:27:18,658 basehttp "GET /api/users/ HTTP/1.1" 200 485
INFO 2025-04-28 22:27:38,453 autoreload C:\Users\timonM1\Desktop\Flavio proyecto\Signature-Rest-Api\signature\views.py changed, reloading.
INFO 2025-04-28 22:27:39,336 autoreload Watching for file changes with StatReloader
INFO 2025-04-28 22:31:16,782 basehttp "GET /api/users/ HTTP/1.1" 200 485
WARNING 2025-04-28 22:36:32,914 log Bad Request: /api/users/
WARNING 2025-04-28 22:36:32,915 basehttp "POST /api/users/ HTTP/1.1" 400 112
WARNING 2025-04-28 22:36:48,248 log Bad Request: /api/users/
WARNING 2025-04-28 22:36:48,249 basehttp "POST /api/users/ HTTP/1.1" 400 43
INFO 2025-04-28 22:53:44,660 basehttp "GET /api/majors/getMajors/ HTTP/1.1" 200 1065
INFO 2025-04-28 22:53:44,668 basehttp "GET /api/subjects/ HTTP/1.1" 200 709
INFO 2025-04-28 22:53:44,684 basehttp "GET /api/majors/getMajors/ HTTP/1.1" 200 1065
INFO 2025-04-28 22:53:44,700 basehttp "GET /api/subjects/ HTTP/1.1" 200 709
INFO 2025-04-28 22:53:44,700 basehttp "GET /api/majors/getMajors/ HTTP/1.1" 200 1065
INFO 2025-04-28 22:53:44,707 basehttp "GET /api/majors/getMajors/ HTTP/1.1" 200 1065
INFO 2025-04-28 22:53:52,244 basehttp "POST /login/ HTTP/1.1" 200 99
INFO 2025-04-28 22:53:52,700 basehttp "GET /api/majors/getMajors/ HTTP/1.1" 200 1065
INFO 2025-04-28 22:53:52,712 basehttp "GET /api/subjects/ HTTP/1.1" 200 709
INFO 2025-04-28 22:53:52,715 basehttp "GET /api/majors/getMajors/ HTTP/1.1" 200 1065
INFO 2025-04-28 22:53:52,746 basehttp "GET /api/subjects/ HTTP/1.1" 200 709
INFO 2025-04-28 22:53:52,760 basehttp "GET /api/majors/getMajors/ HTTP/1.1" 200 1065
INFO 2025-04-28 22:53:52,772 basehttp "GET /api/majors/getMajors/ HTTP/1.1" 200 1065
INFO 2025-04-28 22:53:59,235 basehttp "GET /api/users/ HTTP/1.1" 200 485
INFO 2025-04-28 23:01:58,511 autoreload C:\Users\timonM1\Desktop\Flavio proyecto\Signature-Rest-Api\signature\serializers.py changed, reloading.
INFO 2025-04-28 23:01:59,591 autoreload Watching for file changes with StatReloader
INFO 2025-04-28 23:03:01,252 autoreload C:\Users\timonM1\Desktop\Flavio proyecto\Signature-Rest-Api\signature\serializers.py changed, reloading.
INFO 2025-04-28 23:03:02,117 autoreload Watching for file changes with StatReloader
INFO 2025-04-28 23:03:04,504 basehttp "GET /api/users/ HTTP/1.1" 200 485
INFO 2025-04-28 23:03:33,369 autoreload C:\Users\timonM1\Desktop\Flavio proyecto\Signature-Rest-Api\signature\serializers.py changed, reloading.
INFO 2025-04-28 23:03:34,304 autoreload Watching for file changes with StatReloader
INFO 2025-04-28 23:03:36,284 basehttp "GET /api/users/ HTTP/1.1" 200 573
INFO 2025-04-28 23:04:35,347 basehttp - Broken pipe from ('127.0.0.1', 58259)
INFO 2025-04-28 23:04:35,349 basehttp "GET /api/majors/getMajors/ HTTP/1.1" 200 1065
INFO 2025-04-28 23:04:35,357 basehttp "GET /api/subjects/ HTTP/1.1" 200 709
INFO 2025-04-28 23:04:35,368 basehttp "GET /api/majors/getMajors/ HTTP/1.1" 200 1065
INFO 2025-04-28 23:15:00,257 basehttp "OPTIONS /api/users/1/ HTTP/1.1" 200 0
INFO 2025-04-28 23:15:00,261 basehttp "OPTIONS /api/users/1/ HTTP/1.1" 200 0
WARNING 2025-04-28 23:15:00,265 log Not Found: /api/users/1/
WARNING 2025-04-28 23:15:00,265 basehttp "GET /api/users/1/ HTTP/1.1" 404 55
WARNING 2025-04-28 23:15:00,272 log Not Found: /api/users/1/
WARNING 2025-04-28 23:15:00,273 basehttp "GET /api/users/1/ HTTP/1.1" 404 55
WARNING 2025-04-28 23:15:14,287 log Not Found: /api/users/1/
WARNING 2025-04-28 23:15:14,291 basehttp "GET /api/users/1/ HTTP/1.1" 404 55
INFO 2025-04-28 23:15:14,300 basehttp "GET /api/subjects/ HTTP/1.1" 200 709
WARNING 2025-04-28 23:15:14,304 log Not Found: /api/users/1/
WARNING 2025-04-28 23:15:14,305 basehttp "GET /api/users/1/ HTTP/1.1" 404 55
INFO 2025-04-28 23:15:14,321 basehttp "GET /api/subjects/ HTTP/1.1" 200 709
WARNING 2025-04-28 23:15:14,373 log Not Found: /api/users/1/
WARNING 2025-04-28 23:15:14,374 basehttp "GET /api/users/1/ HTTP/1.1" 404 55
WARNING 2025-04-28 23:15:14,378 log Not Found: /api/users/1/
WARNING 2025-04-28 23:15:14,379 basehttp "GET /api/users/1/ HTTP/1.1" 404 55
WARNING 2025-04-28 23:15:31,273 log Not Found: /api/users/1/
WARNING 2025-04-28 23:15:31,276 basehttp "GET /api/users/1/ HTTP/1.1" 404 55
INFO 2025-04-28 23:15:31,287 basehttp "GET /api/subjects/ HTTP/1.1" 200 709
WARNING 2025-04-28 23:15:31,288 log Not Found: /api/users/1/
WARNING 2025-04-28 23:15:31,293 basehttp "GET /api/users/1/ HTTP/1.1" 404 55
INFO 2025-04-28 23:15:31,301 basehttp "GET /api/subjects/ HTTP/1.1" 200 709
WARNING 2025-04-28 23:15:31,319 log Not Found: /api/users/1/
WARNING 2025-04-28 23:15:31,320 basehttp "GET /api/users/1/ HTTP/1.1" 404 55
WARNING 2025-04-28 23:15:31,327 log Not Found: /api/users/1/
WARNING 2025-04-28 23:15:31,328 basehttp "GET /api/users/1/ HTTP/1.1" 404 55
WARNING 2025-04-28 23:17:07,850 log Not Found: /api/users/1/
WARNING 2025-04-28 23:17:07,851 basehttp "GET /api/users/1/ HTTP/1.1" 404 55
WARNING 2025-04-28 23:17:07,860 log Not Found: /api/users/1/
INFO 2025-04-28 23:17:07,861 basehttp "GET /api/subjects/ HTTP/1.1" 200 709
WARNING 2025-04-28 23:17:07,861 basehttp "GET /api/users/1/ HTTP/1.1" 404 55
INFO 2025-04-28 23:17:07,873 basehttp "GET /api/subjects/ HTTP/1.1" 200 709
WARNING 2025-04-28 23:17:07,895 log Not Found: /api/users/1/
WARNING 2025-04-28 23:17:07,896 basehttp "GET /api/users/1/ HTTP/1.1" 404 55
WARNING 2025-04-28 23:17:07,900 log Not Found: /api/users/1/
WARNING 2025-04-28 23:17:07,901 basehttp "GET /api/users/1/ HTTP/1.1" 404 55
WARNING 2025-04-28 23:17:26,272 log Not Found: /api/users/1/
WARNING 2025-04-28 23:17:26,274 basehttp "GET /api/users/1/ HTTP/1.1" 404 55
WARNING 2025-04-28 23:17:26,279 log Not Found: /api/users/1/
INFO 2025-04-28 23:17:26,281 basehttp "GET /api/subjects/ HTTP/1.1" 200 709
WARNING 2025-04-28 23:17:26,281 basehttp "GET /api/users/1/ HTTP/1.1" 404 55
INFO 2025-04-28 23:17:26,294 basehttp "GET /api/subjects/ HTTP/1.1" 200 709
WARNING 2025-04-28 23:17:26,334 log Not Found: /api/users/1/
WARNING 2025-04-28 23:17:26,335 basehttp "GET /api/users/1/ HTTP/1.1" 404 55
WARNING 2025-04-28 23:17:26,350 log Not Found: /api/users/1/
WARNING 2025-04-28 23:17:26,351 basehttp "GET /api/users/1/ HTTP/1.1" 404 55
WARNING 2025-04-28 23:17:33,263 log Not Found: /api/users/1/
WARNING 2025-04-28 23:17:33,268 basehttp "GET /api/users/1/ HTTP/1.1" 404 55
WARNING 2025-04-28 23:17:33,271 log Not Found: /api/users/1/
INFO 2025-04-28 23:17:33,273 basehttp "GET /api/subjects/ HTTP/1.1" 200 709
WARNING 2025-04-28 23:17:33,273 basehttp "GET /api/users/1/ HTTP/1.1" 404 55
INFO 2025-04-28 23:17:33,283 basehttp "GET /api/subjects/ HTTP/1.1" 200 709
WARNING 2025-04-28 23:17:33,293 log Not Found: /api/users/1/
WARNING 2025-04-28 23:17:33,294 basehttp "GET /api/users/1/ HTTP/1.1" 404 55
WARNING 2025-04-28 23:17:33,298 log Not Found: /api/users/1/
WARNING 2025-04-28 23:17:33,299 basehttp "GET /api/users/1/ HTTP/1.1" 404 55
WARNING 2025-04-28 23:17:43,267 log Not Found: /api/users/1/
WARNING 2025-04-28 23:17:43,268 basehttp "GET /api/users/1/ HTTP/1.1" 404 55
WARNING 2025-04-28 23:17:43,278 log Not Found: /api/users/1/
INFO 2025-04-28 23:17:43,278 basehttp "GET /api/subjects/ HTTP/1.1" 200 709
WARNING 2025-04-28 23:17:43,281 basehttp "GET /api/users/1/ HTTP/1.1" 404 55
INFO 2025-04-28 23:17:43,288 basehttp "GET /api/subjects/ HTTP/1.1" 200 709
WARNING 2025-04-28 23:17:43,302 log Not Found: /api/users/1/
WARNING 2025-04-28 23:17:43,303 basehttp "GET /api/users/1/ HTTP/1.1" 404 55
WARNING 2025-04-28 23:17:43,308 log Not Found: /api/users/1/
WARNING 2025-04-28 23:17:43,308 basehttp "GET /api/users/1/ HTTP/1.1" 404 55
WARNING 2025-04-28 23:17:48,297 log Not Found: /api/users/1/
WARNING 2025-04-28 23:17:48,301 basehttp "GET /api/users/1/ HTTP/1.1" 404 55
WARNING 2025-04-28 23:17:48,311 log Not Found: /api/users/1/
INFO 2025-04-28 23:17:48,311 basehttp "GET /api/subjects/ HTTP/1.1" 200 709
WARNING 2025-04-28 23:17:48,314 basehttp "GET /api/users/1/ HTTP/1.1" 404 55
INFO 2025-04-28 23:17:48,324 basehttp "GET /api/subjects/ HTTP/1.1" 200 709
WARNING 2025-04-28 23:17:48,352 log Not Found: /api/users/1/
WARNING 2025-04-28 23:17:48,353 basehttp "GET /api/users/1/ HTTP/1.1" 404 55
WARNING 2025-04-28 23:17:48,358 log Not Found: /api/users/1/
WARNING 2025-04-28 23:17:48,358 basehttp "GET /api/users/1/ HTTP/1.1" 404 55
WARNING 2025-04-28 23:18:13,270 log Not Found: /api/users/1/
WARNING 2025-04-28 23:18:13,272 basehttp "GET /api/users/1/ HTTP/1.1" 404 55
WARNING 2025-04-28 23:18:13,279 log Not Found: /api/users/1/
WARNING 2025-04-28 23:18:13,280 basehttp "GET /api/users/1/ HTTP/1.1" 404 55
INFO 2025-04-28 23:18:13,280 basehttp "GET /api/subjects/ HTTP/1.1" 200 709
INFO 2025-04-28 23:18:13,292 basehttp "GET /api/subjects/ HTTP/1.1" 200 709
WARNING 2025-04-28 23:18:13,303 log Not Found: /api/users/1/
WARNING 2025-04-28 23:18:13,304 basehttp "GET /api/users/1/ HTTP/1.1" 404 55
WARNING 2025-04-28 23:18:13,309 log Not Found: /api/users/1/
WARNING 2025-04-28 23:18:13,311 basehttp "GET /api/users/1/ HTTP/1.1" 404 55
WARNING 2025-04-28 23:18:46,277 log Not Found: /api/users/1/
WARNING 2025-04-28 23:18:46,278 basehttp "GET /api/users/1/ HTTP/1.1" 404 55
WARNING 2025-04-28 23:18:46,291 log Not Found: /api/users/1/
INFO 2025-04-28 23:18:46,292 basehttp "GET /api/subjects/ HTTP/1.1" 200 709
WARNING 2025-04-28 23:18:46,293 basehttp "GET /api/users/1/ HTTP/1.1" 404 55
INFO 2025-04-28 23:18:46,301 basehttp "GET /api/subjects/ HTTP/1.1" 200 709
WARNING 2025-04-28 23:18:46,319 log Not Found: /api/users/1/
WARNING 2025-04-28 23:18:46,319 basehttp "GET /api/users/1/ HTTP/1.1" 404 55
WARNING 2025-04-28 23:18:46,326 log Not Found: /api/users/1/
WARNING 2025-04-28 23:18:46,326 basehttp "GET /api/users/1/ HTTP/1.1" 404 55
WARNING 2025-04-28 23:20:08,062 log Not Found: /api/users/1/
WARNING 2025-04-28 23:20:08,065 basehttp "GET /api/users/1/ HTTP/1.1" 404 55
INFO 2025-04-28 23:20:08,071 basehttp "GET /api/subjects/ HTTP/1.1" 200 709
WARNING 2025-04-28 23:20:08,075 log Not Found: /api/users/1/
WARNING 2025-04-28 23:20:08,076 basehttp "GET /api/users/1/ HTTP/1.1" 404 55
INFO 2025-04-28 23:20:08,084 basehttp "GET /api/subjects/ HTTP/1.1" 200 709
WARNING 2025-04-28 23:20:08,096 log Not Found: /api/users/1/
WARNING 2025-04-28 23:20:08,097 basehttp "GET /api/users/1/ HTTP/1.1" 404 55
WARNING 2025-04-28 23:20:08,102 log Not Found: /api/users/1/
WARNING 2025-04-28 23:20:08,103 basehttp "GET /api/users/1/ HTTP/1.1" 404 55
INFO 2025-04-28 23:20:13,257 basehttp "POST /login/ HTTP/1.1" 200 143
WARNING 2025-04-28 23:20:13,575 log Not Found: /api/users/1/
WARNING 2025-04-28 23:20:13,578 basehttp "GET /api/users/1/ HTTP/1.1" 404 55
INFO 2025-04-28 23:20:13,587 basehttp "GET /api/subjects/ HTTP/1.1" 200 709
WARNING 2025-04-28 23:20:13,587 log Not Found: /api/users/1/
WARNING 2025-04-28 23:20:13,592 basehttp "GET /api/users/1/ HTTP/1.1" 404 55
INFO 2025-04-28 23:20:13,601 basehttp "GET /api/subjects/ HTTP/1.1" 200 709
WARNING 2025-04-28 23:20:13,612 log Not Found: /api/users/1/
WARNING 2025-04-28 23:20:13,612 basehttp "GET /api/users/1/ HTTP/1.1" 404 55
WARNING 2025-04-28 23:20:13,617 log Not Found: /api/users/1/
WARNING 2025-04-28 23:20:13,618 basehttp "GET /api/users/1/ HTTP/1.1" 404 55
INFO 2025-04-28 23:21:00,768 basehttp "GET /api/users/ HTTP/1.1" 200 573
INFO 2025-04-28 23:21:14,474 basehttp "OPTIONS /api/users/21/ HTTP/1.1" 200 0
INFO 2025-04-28 23:21:14,486 basehttp "GET /api/users/21/ HTTP/1.1" 200 83
INFO 2025-04-28 23:21:14,494 basehttp "GET /api/subjects/ HTTP/1.1" 200 709
INFO 2025-04-28 23:21:14,498 basehttp "GET /api/users/21/ HTTP/1.1" 200 83
INFO 2025-04-28 23:21:14,506 basehttp "GET /api/subjects/ HTTP/1.1" 200 709
INFO 2025-04-28 23:21:14,514 basehttp "GET /api/users/21/ HTTP/1.1" 200 83
INFO 2025-04-28 23:21:14,520 basehttp "GET /api/users/21/ HTTP/1.1" 200 83
INFO 2025-04-28 23:23:46,970 basehttp "POST /login HTTP/1.1" 301 0
WARNING 2025-04-28 23:23:46,974 log Method Not Allowed: /login/
WARNING 2025-04-28 23:23:46,975 basehttp "GET /login/ HTTP/1.1" 405 40
INFO 2025-04-28 23:23:56,657 basehttp "POST /login HTTP/1.1" 301 0
WARNING 2025-04-28 23:23:56,660 log Method Not Allowed: /login/
WARNING 2025-04-28 23:23:56,660 basehttp "GET /login/ HTTP/1.1" 405 40
INFO 2025-04-28 23:24:05,304 basehttp "POST /login/ HTTP/1.1" 200 143
INFO 2025-04-28 23:34:27,664 basehttp "OPTIONS /api/users/NaN/ HTTP/1.1" 200 0
INFO 2025-04-28 23:34:27,669 basehttp "OPTIONS /api/users/NaN/ HTTP/1.1" 200 0
WARNING 2025-04-28 23:34:27,675 log Not Found: /api/users/NaN/
WARNING 2025-04-28 23:34:27,679 basehttp "GET /api/users/NaN/ HTTP/1.1" 404 23
WARNING 2025-04-28 23:34:27,687 log Not Found: /api/users/NaN/
INFO 2025-04-28 23:34:27,688 basehttp "GET /api/subjects/ HTTP/1.1" 200 709
WARNING 2025-04-28 23:34:27,688 basehttp "GET /api/users/NaN/ HTTP/1.1" 404 23
WARNING 2025-04-28 23:34:27,701 log Not Found: /api/users/NaN/
WARNING 2025-04-28 23:34:27,703 basehttp "GET /api/users/NaN/ HTTP/1.1" 404 23
INFO 2025-04-28 23:34:27,703 basehttp "GET /api/subjects/ HTTP/1.1" 200 709
WARNING 2025-04-28 23:34:27,708 log Not Found: /api/users/NaN/
WARNING 2025-04-28 23:34:27,709 basehttp "GET /api/users/NaN/ HTTP/1.1" 404 23
INFO 2025-04-28 23:34:43,628 basehttp "POST /login/ HTTP/1.1" 200 143
INFO 2025-04-28 23:34:44,022 basehttp "GET /api/users/21/ HTTP/1.1" 200 83
INFO 2025-04-28 23:34:44,029 basehttp "GET /api/subjects/ HTTP/1.1" 200 709
INFO 2025-04-28 23:34:44,051 basehttp "GET /api/users/21/ HTTP/1.1" 200 83
INFO 2025-04-28 23:34:44,063 basehttp "GET /api/subjects/ HTTP/1.1" 200 709
INFO 2025-04-28 23:34:44,081 basehttp "GET /api/users/21/ HTTP/1.1" 200 83
INFO 2025-04-28 23:34:44,095 basehttp "GET /api/users/21/ HTTP/1.1" 200 83
INFO 2025-04-28 23:35:36,296 basehttp "GET /api/users/21/ HTTP/1.1" 200 83
INFO 2025-04-28 23:35:36,304 basehttp "GET /api/subjects/ HTTP/1.1" 200 709
INFO 2025-04-28 23:35:36,310 basehttp "GET /api/users/21/ HTTP/1.1" 200 83
INFO 2025-04-28 23:35:36,319 basehttp "GET /api/subjects/ HTTP/1.1" 200 709
INFO 2025-04-28 23:35:36,349 basehttp "GET /api/users/21/ HTTP/1.1" 200 83
INFO 2025-04-28 23:35:36,362 basehttp "GET /api/users/21/ HTTP/1.1" 200 83
INFO 2025-04-28 23:36:17,772 basehttp "GET /api/users/21/ HTTP/1.1" 200 83
INFO 2025-04-28 23:36:17,784 basehttp "GET /api/subjects/ HTTP/1.1" 200 709
INFO 2025-04-28 23:36:17,786 basehttp "GET /api/users/21/ HTTP/1.1" 200 83
INFO 2025-04-28 23:36:17,797 basehttp "GET /api/subjects/ HTTP/1.1" 200 709
INFO 2025-04-28 23:36:17,823 basehttp "GET /api/users/21/ HTTP/1.1" 200 83
INFO 2025-04-28 23:36:17,838 basehttp "GET /api/users/21/ HTTP/1.1" 200 83
WARNING 2025-04-28 23:36:47,208 log Bad Request: /api/subjects/
WARNING 2025-04-28 23:36:47,209 basehttp "POST /api/subjects/ HTTP/1.1" 400 55
INFO 2025-04-28 23:36:47,276 basehttp "GET /api/subjects/ HTTP/1.1" 200 709
WARNING 2025-04-28 23:38:40,685 log Bad Request: /api/subjects/
WARNING 2025-04-28 23:38:40,686 basehttp "POST /api/subjects/ HTTP/1.1" 400 55
INFO 2025-04-28 23:38:40,746 basehttp "GET /api/subjects/ HTTP/1.1" 200 709
WARNING 2025-04-28 23:39:13,570 log Bad Request: /api/subjects/
WARNING 2025-04-28 23:39:13,571 basehttp "POST /api/subjects/ HTTP/1.1" 400 55
INFO 2025-04-28 23:39:13,628 basehttp "GET /api/subjects/ HTTP/1.1" 200 709
WARNING 2025-04-28 23:41:28,647 log Bad Request: /api/subjects/
WARNING 2025-04-28 23:41:28,647 basehttp "POST /api/subjects/ HTTP/1.1" 400 55
INFO 2025-04-28 23:41:28,706 basehttp "GET /api/subjects/ HTTP/1.1" 200 709
WARNING 2025-04-28 23:43:07,201 log Bad Request: /api/subjects/
WARNING 2025-04-28 23:43:07,202 basehttp "POST /api/subjects/ HTTP/1.1" 400 60
INFO 2025-04-28 23:43:07,265 basehttp "GET /api/subjects/ HTTP/1.1" 200 709
INFO 2025-04-28 23:43:26,535 basehttp "POST /api/subjects/ HTTP/1.1" 201 55
INFO 2025-04-28 23:43:26,580 basehttp "GET /api/subjects/ HTTP/1.1" 200 765
INFO 2025-04-28 23:43:41,230 basehttp "GET /api/users/21/ HTTP/1.1" 200 83
INFO 2025-04-28 23:43:41,241 basehttp "GET /api/users/21/ HTTP/1.1" 200 83
INFO 2025-04-28 23:43:41,241 basehttp "GET /api/subjects/ HTTP/1.1" 200 765
INFO 2025-04-28 23:43:41,256 basehttp "GET /api/subjects/ HTTP/1.1" 200 765
INFO 2025-04-28 23:43:41,268 basehttp "GET /api/users/21/ HTTP/1.1" 200 83
INFO 2025-04-28 23:43:41,276 basehttp "GET /api/users/21/ HTTP/1.1" 200 83
INFO 2025-04-28 23:43:56,042 basehttp "POST /api/subjects/ HTTP/1.1" 201 46
INFO 2025-04-28 23:43:56,075 basehttp "GET /api/subjects/ HTTP/1.1" 200 812
WARNING 2025-04-28 23:44:04,098 log Bad Request: /api/subjects/
WARNING 2025-04-28 23:44:04,099 basehttp "POST /api/subjects/ HTTP/1.1" 400 55
INFO 2025-04-28 23:44:04,139 basehttp "GET /api/subjects/ HTTP/1.1" 200 812
WARNING 2025-04-28 23:44:15,509 log Bad Request: /api/subjects/
WARNING 2025-04-28 23:44:15,510 basehttp "POST /api/subjects/ HTTP/1.1" 400 55
INFO 2025-04-28 23:44:15,570 basehttp "GET /api/subjects/ HTTP/1.1" 200 812
INFO 2025-04-28 23:45:27,979 basehttp "GET /api/subjects HTTP/1.1" 301 0
INFO 2025-04-28 23:45:27,991 basehttp "GET /api/subjects/ HTTP/1.1" 200 812
INFO 2025-04-28 23:45:38,660 basehttp "GET /api/subjects/ HTTP/1.1" 200 812
INFO 2025-04-28 23:45:50,105 basehttp "GET /api/majors/ HTTP/1.1" 200 3870
INFO 2025-04-28 23:50:14,800 basehttp "OPTIONS /api/subjects/3/ HTTP/1.1" 200 0
INFO 2025-04-28 23:50:14,814 basehttp "DELETE /api/subjects/3/ HTTP/1.1" 204 0
INFO 2025-04-28 23:50:14,855 basehttp "GET /api/subjects/ HTTP/1.1" 200 765
INFO 2025-04-28 23:50:18,299 basehttp "OPTIONS /api/subjects/2/ HTTP/1.1" 200 0
INFO 2025-04-28 23:50:18,313 basehttp "DELETE /api/subjects/2/ HTTP/1.1" 204 0
INFO 2025-04-28 23:50:18,347 basehttp "GET /api/subjects/ HTTP/1.1" 200 709
INFO 2025-04-28 23:50:27,735 basehttp "POST /api/subjects/ HTTP/1.1" 201 55
INFO 2025-04-28 23:50:27,785 basehttp "GET /api/subjects/ HTTP/1.1" 200 765
WARNING 2025-04-28 23:51:03,303 log Bad Request: /api/subjects/
WARNING 2025-04-28 23:51:03,303 basehttp "POST /api/subjects/ HTTP/1.1" 400 55
INFO 2025-04-28 23:51:03,359 basehttp "GET /api/subjects/ HTTP/1.1" 200 765
WARNING 2025-04-28 23:51:55,050 log Bad Request: /api/subjects/
WARNING 2025-04-28 23:51:55,051 basehttp "POST /api/subjects/ HTTP/1.1" 400 55
INFO 2025-04-28 23:51:55,100 basehttp "GET /api/subjects/ HTTP/1.1" 200 765
INFO 2025-04-29 00:04:19,437 basehttp "OPTIONS /api/subjects/ HTTP/1.1" 200 0
INFO 2025-04-29 00:04:19,447 basehttp "GET /api/users/21/ HTTP/1.1" 200 83
INFO 2025-04-29 00:04:19,463 basehttp "GET /api/subjects/ HTTP/1.1" 200 765
INFO 2025-04-29 00:04:19,466 basehttp "GET /api/users/21/ HTTP/1.1" 200 83
INFO 2025-04-29 00:04:19,480 basehttp "GET /api/subjects/ HTTP/1.1" 200 765
INFO 2025-04-29 00:04:19,553 basehttp "GET /api/users/21/ HTTP/1.1" 200 83
INFO 2025-04-29 00:04:19,566 basehttp "GET /api/users/21/ HTTP/1.1" 200 83
INFO 2025-04-29 00:05:14,285 basehttp "GET /api/users/21/ HTTP/1.1" 200 83
INFO 2025-04-29 00:05:14,299 basehttp "GET /api/subjects/ HTTP/1.1" 200 765
INFO 2025-04-29 00:05:14,304 basehttp "GET /api/users/21/ HTTP/1.1" 200 83
INFO 2025-04-29 00:05:14,315 basehttp "GET /api/subjects/ HTTP/1.1" 200 765
INFO 2025-04-29 00:05:14,341 basehttp "GET /api/users/21/ HTTP/1.1" 200 83
INFO 2025-04-29 00:05:14,349 basehttp "GET /api/users/21/ HTTP/1.1" 200 83
INFO 2025-04-29 00:05:43,291 basehttp "GET /api/users/21/ HTTP/1.1" 200 83
INFO 2025-04-29 00:05:43,301 basehttp "GET /api/subjects/ HTTP/1.1" 200 765
INFO 2025-04-29 00:05:43,306 basehttp "GET /api/users/21/ HTTP/1.1" 200 83
INFO 2025-04-29 00:05:43,318 basehttp "GET /api/subjects/ HTTP/1.1" 200 765
INFO 2025-04-29 00:05:43,355 basehttp "GET /api/users/21/ HTTP/1.1" 200 83
INFO 2025-04-29 00:05:43,366 basehttp "GET /api/users/21/ HTTP/1.1" 200 83
INFO 2025-04-29 00:07:10,164 basehttp "GET /api/users/21/ HTTP/1.1" 200 83
INFO 2025-04-29 00:07:10,175 basehttp "GET /api/users/21/ HTTP/1.1" 200 83
INFO 2025-04-29 00:07:10,175 basehttp "GET /api/subjects/ HTTP/1.1" 200 765
INFO 2025-04-29 00:07:10,187 basehttp "GET /api/subjects/ HTTP/1.1" 200 765
INFO 2025-04-29 00:07:10,210 basehttp "GET /api/users/21/ HTTP/1.1" 200 83
INFO 2025-04-29 00:07:10,218 basehttp "GET /api/users/21/ HTTP/1.1" 200 83
INFO 2025-04-29 00:12:12,691 autoreload C:\Users\timonM1\Desktop\Flavio proyecto\Signature-Rest-Api\signature\serializers.py changed, reloading.
INFO 2025-04-29 00:12:13,479 autoreload Watching for file changes with StatReloader
INFO 2025-04-29 00:13:12,097 autoreload C:\Users\timonM1\Desktop\Flavio proyecto\Signature-Rest-Api\signature\serializers.py changed, reloading.
INFO 2025-04-29 00:13:12,861 autoreload Watching for file changes with StatReloader
INFO 2025-04-29 00:13:25,651 basehttp "GET /api/majors/ HTTP/1.1" 200 3823
INFO 2025-04-29 00:13:39,732 basehttp "GET /api/users/ HTTP/1.1" 200 977
WARNING 2025-04-29 00:23:35,096 log Bad Request: /api/users/
WARNING 2025-04-29 00:23:35,097 basehttp "POST /api/users/ HTTP/1.1" 400 58
WARNING 2025-04-29 00:23:38,982 log Bad Request: /api/users/
WARNING 2025-04-29 00:23:38,983 basehttp "POST /api/users/ HTTP/1.1" 400 43
WARNING 2025-04-29 00:23:51,483 log Bad Request: /api/users/
WARNING 2025-04-29 00:23:51,484 basehttp "POST /api/users/ HTTP/1.1" 400 43
WARNING 2025-04-29 00:23:56,068 log Bad Request: /api/users/
WARNING 2025-04-29 00:23:56,068 basehttp "POST /api/users/ HTTP/1.1" 400 43
WARNING 2025-04-29 00:25:06,173 log Bad Request: /api/users/
WARNING 2025-04-29 00:25:06,173 basehttp "POST /api/users/ HTTP/1.1" 400 43
WARNING 2025-04-29 00:25:14,334 log Bad Request: /api/users/
WARNING 2025-04-29 00:25:14,335 basehttp "POST /api/users/ HTTP/1.1" 400 43
INFO 2025-04-29 00:25:37,012 autoreload C:\Users\timonM1\Desktop\Flavio proyecto\Signature-Rest-Api\signature\serializers.py changed, reloading.
INFO 2025-04-29 00:25:37,846 autoreload Watching for file changes with StatReloader
WARNING 2025-04-29 00:25:39,015 log Bad Request: /api/users/
WARNING 2025-04-29 00:25:39,015 basehttp "POST /api/users/ HTTP/1.1" 400 43
WARNING 2025-04-29 00:25:52,260 log Bad Request: /api/users/
WARNING 2025-04-29 00:25:52,260 basehttp "POST /api/users/ HTTP/1.1" 400 43
WARNING 2025-04-29 00:26:04,630 log Bad Request: /api/users/
WARNING 2025-04-29 00:26:04,630 basehttp "POST /api/users/ HTTP/1.1" 400 43
INFO 2025-04-29 00:26:34,705 basehttp "GET /api/users/21/ HTTP/1.1" 200 285
INFO 2025-04-29 00:26:34,705 basehttp "GET /api/subjects/ HTTP/1.1" 200 765
INFO 2025-04-29 00:26:34,733 basehttp "GET /api/users/21/ HTTP/1.1" 200 285
INFO 2025-04-29 00:26:34,742 basehttp "GET /api/subjects/ HTTP/1.1" 200 765
INFO 2025-04-29 00:26:34,750 basehttp "GET /api/users/21/ HTTP/1.1" 200 285
INFO 2025-04-29 00:26:34,766 basehttp "GET /api/users/21/ HTTP/1.1" 200 285
INFO 2025-04-29 00:27:25,199 autoreload C:\Users\timonM1\Desktop\Flavio proyecto\Signature-Rest-Api\signature\views.py changed, reloading.
INFO 2025-04-29 00:27:26,086 autoreload Watching for file changes with StatReloader
INFO 2025-04-29 00:27:37,424 autoreload C:\Users\timonM1\Desktop\Flavio proyecto\Signature-Rest-Api\signature\views.py changed, reloading.
INFO 2025-04-29 00:27:38,280 autoreload Watching for file changes with StatReloader
INFO 2025-04-29 00:32:23,863 autoreload C:\Users\timonM1\Desktop\Flavio proyecto\Signature-Rest-Api\signature\serializers.py changed, reloading.
INFO 2025-04-29 00:32:24,820 autoreload Watching for file changes with StatReloader
WARNING 2025-04-29 00:32:26,016 log Bad Request: /api/users/
WARNING 2025-04-29 00:32:26,017 basehttp "POST /api/users/ HTTP/1.1" 400 69
INFO 2025-04-29 00:35:54,320 basehttp "GET /api/users/21/ HTTP/1.1" 200 285
INFO 2025-04-29 00:35:54,330 basehttp "GET /api/subjects/ HTTP/1.1" 200 765
INFO 2025-04-29 00:35:54,341 basehttp "GET /api/users/21/ HTTP/1.1" 200 285
INFO 2025-04-29 00:35:54,355 basehttp "GET /api/subjects/ HTTP/1.1" 200 765
INFO 2025-04-29 00:35:54,405 basehttp "GET /api/users/21/ HTTP/1.1" 200 285
INFO 2025-04-29 00:35:54,422 basehttp "GET /api/users/21/ HTTP/1.1" 200 285
INFO 2025-04-29 00:35:59,297 basehttp "GET /api/users/21/ HTTP/1.1" 200 285
INFO 2025-04-29 00:35:59,303 basehttp "GET /api/subjects/ HTTP/1.1" 200 765
INFO 2025-04-29 00:35:59,315 basehttp "GET /api/users/21/ HTTP/1.1" 200 285
INFO 2025-04-29 00:35:59,322 basehttp "GET /api/subjects/ HTTP/1.1" 200 765
INFO 2025-04-29 00:35:59,356 basehttp "GET /api/users/21/ HTTP/1.1" 200 285
INFO 2025-04-29 00:35:59,369 basehttp "GET /api/users/21/ HTTP/1.1" 200 285
INFO 2025-04-29 00:36:37,285 basehttp "GET /api/users/21/ HTTP/1.1" 200 285
INFO 2025-04-29 00:36:37,289 basehttp "GET /api/subjects/ HTTP/1.1" 200 765
INFO 2025-04-29 00:36:37,304 basehttp "GET /api/users/21/ HTTP/1.1" 200 285
INFO 2025-04-29 00:36:37,313 basehttp "GET /api/subjects/ HTTP/1.1" 200 765
INFO 2025-04-29 00:36:37,342 basehttp "GET /api/users/21/ HTTP/1.1" 200 285
INFO 2025-04-29 00:36:37,354 basehttp "GET /api/users/21/ HTTP/1.1" 200 285
INFO 2025-04-29 00:41:01,371 basehttp "GET /api/users/ HTTP/1.1" 200 977
INFO 2025-04-29 00:45:29,889 basehttp "GET /api/users/21/ HTTP/1.1" 200 285
INFO 2025-04-29 00:45:29,903 basehttp "GET /api/subjects/ HTTP/1.1" 200 765
INFO 2025-04-29 00:45:29,937 basehttp "GET /api/users/21/ HTTP/1.1" 200 285
INFO 2025-04-29 00:45:29,942 basehttp "GET /api/subjects/ HTTP/1.1" 200 765
INFO 2025-04-29 00:45:30,108 basehttp "GET /api/users/21/ HTTP/1.1" 200 285
INFO 2025-04-29 00:45:30,144 basehttp "GET /api/users/21/ HTTP/1.1" 200 285
INFO 2025-04-29 00:45:45,926 basehttp "GET /api/users/21/ HTTP/1.1" 200 285
INFO 2025-04-29 00:45:45,946 basehttp "GET /api/subjects/ HTTP/1.1" 200 765
INFO 2025-04-29 00:45:45,956 basehttp "GET /api/users/21/ HTTP/1.1" 200 285
INFO 2025-04-29 00:45:45,971 basehttp "GET /api/subjects/ HTTP/1.1" 200 765
INFO 2025-04-29 00:45:46,163 basehttp "GET /api/users/21/ HTTP/1.1" 200 285
INFO 2025-04-29 00:45:46,184 basehttp "GET /api/users/21/ HTTP/1.1" 200 285
INFO 2025-04-29 00:47:52,707 basehttp "POST /api/subjects/ HTTP/1.1" 201 62
INFO 2025-04-29 00:47:52,782 basehttp "GET /api/subjects/ HTTP/1.1" 200 828
INFO 2025-04-29 00:47:58,804 basehttp "GET /api/users/21/ HTTP/1.1" 200 348
INFO 2025-04-29 00:47:58,810 basehttp "GET /api/subjects/ HTTP/1.1" 200 828
INFO 2025-04-29 00:47:58,830 basehttp "GET /api/users/21/ HTTP/1.1" 200 348
INFO 2025-04-29 00:47:58,845 basehttp "GET /api/subjects/ HTTP/1.1" 200 828
INFO 2025-04-29 00:47:58,868 basehttp "GET /api/users/21/ HTTP/1.1" 200 348
INFO 2025-04-29 00:47:58,892 basehttp "GET /api/users/21/ HTTP/1.1" 200 348
INFO 2025-04-29 00:48:56,362 basehttp "POST /api/subjects/ HTTP/1.1" 201 71
INFO 2025-04-29 00:48:56,440 basehttp "GET /api/subjects/ HTTP/1.1" 200 900
INFO 2025-04-29 00:51:06,760 basehttp "GET /api/users/ HTTP/1.1" 200 1247
WARNING 2025-04-29 00:52:18,607 log Bad Request: /api/users/
WARNING 2025-04-29 00:52:18,608 basehttp "POST /api/users/ HTTP/1.1" 400 69
WARNING 2025-04-29 00:55:13,553 log Bad Request: /api/users/
WARNING 2025-04-29 00:55:13,554 basehttp "POST /api/users/ HTTP/1.1" 400 69
INFO 2025-04-29 00:55:21,921 basehttp "POST /api/users/ HTTP/1.1" 201 420
INFO 2025-04-29 00:56:17,324 basehttp "OPTIONS /login/ HTTP/1.1" 200 0
INFO 2025-04-29 00:56:18,462 basehttp "POST /login/ HTTP/1.1" 200 480
INFO 2025-04-29 00:56:19,139 basehttp "OPTIONS /api/users/23/ HTTP/1.1" 200 0
INFO 2025-04-29 00:56:19,167 basehttp "GET /api/users/23/ HTTP/1.1" 200 420
INFO 2025-04-29 00:56:19,191 basehttp "GET /api/subjects/ HTTP/1.1" 200 900
INFO 2025-04-29 00:56:19,201 basehttp "GET /api/users/23/ HTTP/1.1" 200 420
INFO 2025-04-29 00:56:19,234 basehttp "GET /api/subjects/ HTTP/1.1" 200 900
INFO 2025-04-29 00:56:19,242 basehttp "GET /api/users/23/ HTTP/1.1" 200 420
INFO 2025-04-29 00:56:19,274 basehttp "GET /api/users/23/ HTTP/1.1" 200 420
INFO 2025-04-29 00:58:28,279 basehttp "GET /api/users/23/ HTTP/1.1" 200 420
INFO 2025-04-29 00:58:28,297 basehttp "GET /api/users/23/ HTTP/1.1" 200 420
INFO 2025-04-29 00:58:42,264 basehttp "GET /api/users/23/ HTTP/1.1" 200 420
INFO 2025-04-29 00:58:42,285 basehttp "GET /api/users/23/ HTTP/1.1" 200 420
INFO 2025-04-29 00:58:54,264 basehttp "GET /api/users/23/ HTTP/1.1" 200 420
INFO 2025-04-29 00:58:54,282 basehttp "GET /api/users/23/ HTTP/1.1" 200 420
INFO 2025-04-29 00:59:01,265 basehttp "GET /api/users/23/ HTTP/1.1" 200 420
INFO 2025-04-29 00:59:01,283 basehttp "GET /api/users/23/ HTTP/1.1" 200 420
INFO 2025-04-29 00:59:31,476 basehttp "GET /api/users/23/ HTTP/1.1" 200 420
INFO 2025-04-29 00:59:31,490 basehttp "GET /api/subjects/ HTTP/1.1" 200 900
INFO 2025-04-29 00:59:31,513 basehttp "GET /api/users/23/ HTTP/1.1" 200 420
INFO 2025-04-29 00:59:31,519 basehttp "GET /api/subjects/ HTTP/1.1" 200 900
INFO 2025-04-29 00:59:31,575 basehttp "GET /api/users/23/ HTTP/1.1" 200 420
INFO 2025-04-29 00:59:31,588 basehttp "GET /api/users/23/ HTTP/1.1" 200 420
INFO 2025-04-29 01:04:39,264 basehttp "GET /api/users/23/ HTTP/1.1" 200 420
INFO 2025-04-29 01:04:39,280 basehttp "GET /api/users/23/ HTTP/1.1" 200 420
INFO 2025-04-29 01:05:07,950 basehttp "OPTIONS /api/users/ HTTP/1.1" 200 0
INFO 2025-04-29 01:05:07,979 basehttp "GET /api/users/ HTTP/1.1" 200 1668
INFO 2025-04-29 01:05:08,010 basehttp "GET /api/users/ HTTP/1.1" 200 1668
INFO 2025-04-29 01:05:10,248 basehttp "OPTIONS /api/majors/getMajors/ HTTP/1.1" 200 0
INFO 2025-04-29 01:05:10,250 basehttp "OPTIONS /api/majors/getMajors/ HTTP/1.1" 200 0
INFO 2025-04-29 01:05:10,254 basehttp "GET /api/majors/getMajors/ HTTP/1.1" 200 1065
INFO 2025-04-29 01:05:10,260 basehttp "GET /api/majors/getMajors/ HTTP/1.1" 200 1065
INFO 2025-04-29 01:05:12,695 basehttp "GET /api/majors/getMajors/ HTTP/1.1" 200 1065
INFO 2025-04-29 01:05:12,701 basehttp "GET /api/majors/getMajors/ HTTP/1.1" 200 1065
INFO 2025-04-29 01:15:06,729 basehttp "POST /api/users/ HTTP/1.1" 201 1392
INFO 2025-04-29 01:15:06,771 basehttp "GET /api/users/ HTTP/1.1" 200 3061
INFO 2025-04-29 01:15:09,612 basehttp "GET /api/users/23/ HTTP/1.1" 200 420
INFO 2025-04-29 01:15:09,627 basehttp "GET /api/subjects/ HTTP/1.1" 200 900
INFO 2025-04-29 01:15:09,641 basehttp "GET /api/users/23/ HTTP/1.1" 200 420
INFO 2025-04-29 01:15:09,661 basehttp "GET /api/subjects/ HTTP/1.1" 200 900
INFO 2025-04-29 01:15:09,668 basehttp "GET /api/users/23/ HTTP/1.1" 200 420
INFO 2025-04-29 01:15:09,681 basehttp "GET /api/users/23/ HTTP/1.1" 200 420
INFO 2025-04-29 01:15:15,045 basehttp "POST /login/ HTTP/1.1" 200 1452
INFO 2025-04-29 01:15:15,519 basehttp "OPTIONS /api/users/24/ HTTP/1.1" 200 0
INFO 2025-04-29 01:15:15,564 basehttp "GET /api/subjects/ HTTP/1.1" 200 900
INFO 2025-04-29 01:15:15,589 basehttp "GET /api/users/24/ HTTP/1.1" 200 1392
INFO 2025-04-29 01:15:15,627 basehttp "GET /api/subjects/ HTTP/1.1" 200 900
INFO 2025-04-29 01:15:15,652 basehttp "GET /api/users/24/ HTTP/1.1" 200 1392
INFO 2025-04-29 01:15:15,692 basehttp "GET /api/users/24/ HTTP/1.1" 200 1392
INFO 2025-04-29 01:15:15,735 basehttp "GET /api/users/24/ HTTP/1.1" 200 1392
INFO 2025-04-29 01:15:21,207 basehttp "GET /api/users/ HTTP/1.1" 200 3061
INFO 2025-04-29 01:15:21,251 basehttp "GET /api/users/ HTTP/1.1" 200 3061
INFO 2025-04-29 01:15:27,369 basehttp "GET /api/majors/getMajors/ HTTP/1.1" 200 1065
INFO 2025-04-29 01:15:27,374 basehttp "GET /api/majors/getMajors/ HTTP/1.1" 200 1065
INFO 2025-04-29 01:15:30,751 basehttp "GET /api/majors/getMajors/ HTTP/1.1" 200 1065
INFO 2025-04-29 01:15:30,756 basehttp "GET /api/majors/getMajors/ HTTP/1.1" 200 1065
INFO 2025-04-29 01:15:38,247 basehttp "GET /api/majors/getMajors/ HTTP/1.1" 200 1065
INFO 2025-04-29 01:15:38,254 basehttp "GET /api/majors/getMajors/ HTTP/1.1" 200 1065
INFO 2025-04-29 01:15:45,272 basehttp "PUT /api/users/24/ HTTP/1.1" 200 128
INFO 2025-04-29 01:15:45,328 basehttp "GET /api/users/ HTTP/1.1" 200 1797
INFO 2025-04-29 01:15:47,718 basehttp "GET /api/users/24/ HTTP/1.1" 200 128
INFO 2025-04-29 01:15:47,739 basehttp "GET /api/subjects/ HTTP/1.1" 200 900
INFO 2025-04-29 01:15:47,740 basehttp "GET /api/users/24/ HTTP/1.1" 200 128
INFO 2025-04-29 01:15:47,775 basehttp "GET /api/subjects/ HTTP/1.1" 200 900
INFO 2025-04-29 01:15:47,775 basehttp "GET /api/users/24/ HTTP/1.1" 200 128
INFO 2025-04-29 01:15:47,787 basehttp "GET /api/users/24/ HTTP/1.1" 200 128
INFO 2025-04-29 01:15:52,817 basehttp "GET /api/users/ HTTP/1.1" 200 1797
INFO 2025-04-29 01:15:52,860 basehttp "GET /api/users/ HTTP/1.1" 200 1797
INFO 2025-04-29 01:18:01,889 basehttp "GET /api/majors/getMajors/ HTTP/1.1" 200 1065
INFO 2025-04-29 01:18:01,896 basehttp "GET /api/majors/getMajors/ HTTP/1.1" 200 1065
INFO 2025-04-29 01:18:04,894 basehttp "GET /api/majors/getMajors/ HTTP/1.1" 200 1065
INFO 2025-04-29 01:18:04,899 basehttp "GET /api/majors/getMajors/ HTTP/1.1" 200 1065
INFO 2025-04-29 01:18:08,989 basehttp "GET /api/majors/getMajors/ HTTP/1.1" 200 1065
INFO 2025-04-29 01:18:08,994 basehttp "GET /api/majors/getMajors/ HTTP/1.1" 200 1065
INFO 2025-04-29 01:19:21,695 basehttp "GET /api/majors/getMajors/ HTTP/1.1" 200 1065
INFO 2025-04-29 01:19:21,700 basehttp "GET /api/majors/getMajors/ HTTP/1.1" 200 1065
INFO 2025-04-29 01:19:23,355 basehttp "GET /api/majors/getMajors/ HTTP/1.1" 200 1065
INFO 2025-04-29 01:19:23,361 basehttp "GET /api/majors/getMajors/ HTTP/1.1" 200 1065
INFO 2025-04-29 01:19:27,333 basehttp "GET /api/majors/getMajors/ HTTP/1.1" 200 1065
INFO 2025-04-29 01:19:27,339 basehttp "GET /api/majors/getMajors/ HTTP/1.1" 200 1065
INFO 2025-04-29 01:19:29,079 basehttp "GET /api/majors/getMajors/ HTTP/1.1" 200 1065
INFO 2025-04-29 01:19:29,084 basehttp "GET /api/majors/getMajors/ HTTP/1.1" 200 1065
INFO 2025-04-29 01:19:56,876 basehttp "GET /api/majors/getMajors/ HTTP/1.1" 200 1065
INFO 2025-04-29 01:19:59,153 basehttp "GET /api/majors/getMajors/ HTTP/1.1" 200 1065
INFO 2025-04-29 01:20:17,304 basehttp "GET /api/majors/getMajors/ HTTP/1.1" 200 1065
INFO 2025-04-29 01:20:21,929 basehttp "PUT /api/users/24/ HTTP/1.1" 200 406
INFO 2025-04-29 01:20:21,976 basehttp "GET /api/users/ HTTP/1.1" 200 2075
INFO 2025-04-29 01:20:24,142 basehttp "GET /api/users/24/ HTTP/1.1" 200 406
INFO 2025-04-29 01:20:24,153 basehttp "GET /api/subjects/ HTTP/1.1" 200 900
INFO 2025-04-29 01:20:24,180 basehttp "GET /api/users/24/ HTTP/1.1" 200 406
INFO 2025-04-29 01:20:24,193 basehttp "GET /api/subjects/ HTTP/1.1" 200 900
INFO 2025-04-29 01:20:24,203 basehttp "GET /api/users/24/ HTTP/1.1" 200 406
INFO 2025-04-29 01:20:24,214 basehttp "GET /api/users/24/ HTTP/1.1" 200 406
INFO 2025-04-29 01:20:42,319 basehttp "GET /api/users/ HTTP/1.1" 200 2075
INFO 2025-04-29 01:20:42,358 basehttp "GET /api/users/ HTTP/1.1" 200 2075
INFO 2025-04-29 01:20:45,530 basehttp "GET /api/majors/getMajors/ HTTP/1.1" 200 1065
INFO 2025-04-29 01:20:51,289 basehttp "PUT /api/users/23/ HTTP/1.1" 200 420
INFO 2025-04-29 01:20:51,333 basehttp "GET /api/users/ HTTP/1.1" 200 2075
INFO 2025-04-29 01:20:53,051 basehttp "GET /api/users/24/ HTTP/1.1" 200 406
INFO 2025-04-29 01:20:53,054 basehttp "GET /api/subjects/ HTTP/1.1" 200 900
INFO 2025-04-29 01:20:53,088 basehttp "GET /api/users/24/ HTTP/1.1" 200 406
INFO 2025-04-29 01:20:53,090 basehttp "GET /api/subjects/ HTTP/1.1" 200 900
INFO 2025-04-29 01:20:53,104 basehttp "GET /api/users/24/ HTTP/1.1" 200 406
INFO 2025-04-29 01:20:53,123 basehttp "GET /api/users/24/ HTTP/1.1" 200 406
INFO 2025-04-29 01:20:59,158 basehttp "POST /login/ HTTP/1.1" 200 480
INFO 2025-04-29 01:20:59,534 basehttp "GET /api/users/23/ HTTP/1.1" 200 420
INFO 2025-04-29 01:20:59,542 basehttp "GET /api/subjects/ HTTP/1.1" 200 900
INFO 2025-04-29 01:20:59,568 basehttp "GET /api/users/23/ HTTP/1.1" 200 420
INFO 2025-04-29 01:20:59,578 basehttp "GET /api/subjects/ HTTP/1.1" 200 900
INFO 2025-04-29 01:20:59,593 basehttp "GET /api/users/23/ HTTP/1.1" 200 420
INFO 2025-04-29 01:20:59,613 basehttp "GET /api/users/23/ HTTP/1.1" 200 420
INFO 2025-04-29 01:21:03,186 basehttp "GET /api/users/ HTTP/1.1" 200 2075
INFO 2025-04-29 01:21:03,224 basehttp "GET /api/users/ HTTP/1.1" 200 2075
INFO 2025-04-29 01:21:04,978 basehttp "GET /api/majors/getMajors/ HTTP/1.1" 200 1065
INFO 2025-04-29 01:21:08,736 basehttp "PUT /api/users/23/ HTTP/1.1" 200 1219
INFO 2025-04-29 01:21:08,786 basehttp "GET /api/users/ HTTP/1.1" 200 2874
INFO 2025-04-29 01:21:10,939 basehttp "GET /api/users/23/ HTTP/1.1" 200 1219
INFO 2025-04-29 01:21:10,942 basehttp "GET /api/subjects/ HTTP/1.1" 200 900
INFO 2025-04-29 01:21:10,982 basehttp "GET /api/users/23/ HTTP/1.1" 200 1219
INFO 2025-04-29 01:21:10,984 basehttp "GET /api/subjects/ HTTP/1.1" 200 900
INFO 2025-04-29 01:21:11,010 basehttp "GET /api/users/23/ HTTP/1.1" 200 1219
INFO 2025-04-29 01:21:11,045 basehttp "GET /api/users/23/ HTTP/1.1" 200 1219
INFO 2025-04-29 01:21:16,594 basehttp "POST /login/ HTTP/1.1" 200 1279
INFO 2025-04-29 01:21:16,953 basehttp "GET /api/subjects/ HTTP/1.1" 200 900
INFO 2025-04-29 01:21:16,968 basehttp "GET /api/users/23/ HTTP/1.1" 200 1219
INFO 2025-04-29 01:21:16,990 basehttp "GET /api/subjects/ HTTP/1.1" 200 900
INFO 2025-04-29 01:21:17,010 basehttp "GET /api/users/23/ HTTP/1.1" 200 1219
INFO 2025-04-29 01:21:17,045 basehttp "GET /api/users/23/ HTTP/1.1" 200 1219
INFO 2025-04-29 01:21:17,078 basehttp "GET /api/users/23/ HTTP/1.1" 200 1219
INFO 2025-04-29 01:21:18,357 basehttp "GET /api/users/ HTTP/1.1" 200 2874
INFO 2025-04-29 01:21:18,399 basehttp "GET /api/users/ HTTP/1.1" 200 2874
INFO 2025-04-29 01:21:20,376 basehttp "GET /api/majors/getMajors/ HTTP/1.1" 200 1065
INFO 2025-04-29 01:21:26,952 basehttp "PUT /api/users/23/ HTTP/1.1" 200 1219
INFO 2025-04-29 01:21:27,000 basehttp "GET /api/users/ HTTP/1.1" 200 2874
INFO 2025-04-29 01:21:28,528 basehttp "GET /api/subjects/ HTTP/1.1" 200 900
INFO 2025-04-29 01:21:28,530 basehttp "GET /api/users/23/ HTTP/1.1" 200 1219
INFO 2025-04-29 01:21:28,561 basehttp "GET /api/subjects/ HTTP/1.1" 200 900
INFO 2025-04-29 01:21:28,568 basehttp "GET /api/users/23/ HTTP/1.1" 200 1219
INFO 2025-04-29 01:21:28,589 basehttp "GET /api/users/23/ HTTP/1.1" 200 1219
INFO 2025-04-29 01:21:28,606 basehttp "GET /api/users/23/ HTTP/1.1" 200 1219
WARNING 2025-04-29 01:21:32,269 log Unauthorized: /login/
WARNING 2025-04-29 01:21:32,270 basehttp "POST /login/ HTTP/1.1" 401 28
WARNING 2025-04-29 01:21:36,353 log Unauthorized: /login/
WARNING 2025-04-29 01:21:36,354 basehttp "POST /login/ HTTP/1.1" 401 28
WARNING 2025-04-29 01:21:38,879 log Unauthorized: /login/
WARNING 2025-04-29 01:21:38,880 basehttp "POST /login/ HTTP/1.1" 401 28
INFO 2025-04-29 01:21:41,919 basehttp "POST /login/ HTTP/1.1" 200 1279
INFO 2025-04-29 01:21:42,356 basehttp "GET /api/subjects/ HTTP/1.1" 200 900
INFO 2025-04-29 01:21:42,357 basehttp "GET /api/users/23/ HTTP/1.1" 200 1219
INFO 2025-04-29 01:21:42,398 basehttp "GET /api/subjects/ HTTP/1.1" 200 900
INFO 2025-04-29 01:21:42,402 basehttp "GET /api/users/23/ HTTP/1.1" 200 1219
INFO 2025-04-29 01:21:42,470 basehttp "GET /api/users/23/ HTTP/1.1" 200 1219
INFO 2025-04-29 01:21:42,494 basehttp "GET /api/users/23/ HTTP/1.1" 200 1219
INFO 2025-04-29 01:21:44,410 basehttp "GET /api/users/ HTTP/1.1" 200 2874
INFO 2025-04-29 01:21:44,447 basehttp "GET /api/users/ HTTP/1.1" 200 2874
INFO 2025-04-29 01:21:47,333 basehttp "GET /api/majors/getMajors/ HTTP/1.1" 200 1065
INFO 2025-04-29 01:22:01,539 basehttp "GET /api/subjects/ HTTP/1.1" 200 900
INFO 2025-04-29 01:22:01,541 basehttp "GET /api/users/23/ HTTP/1.1" 200 1219
INFO 2025-04-29 01:22:01,577 basehttp "GET /api/subjects/ HTTP/1.1" 200 900
INFO 2025-04-29 01:22:01,581 basehttp "GET /api/users/23/ HTTP/1.1" 200 1219
INFO 2025-04-29 01:22:01,603 basehttp "GET /api/users/23/ HTTP/1.1" 200 1219
INFO 2025-04-29 01:22:01,622 basehttp "GET /api/users/23/ HTTP/1.1" 200 1219
INFO 2025-04-29 01:23:17,302 basehttp "GET /api/users/ HTTP/1.1" 200 2874
INFO 2025-04-29 01:23:17,381 basehttp "GET /api/users/ HTTP/1.1" 200 2874
INFO 2025-04-29 01:23:18,632 basehttp "GET /api/users/23/ HTTP/1.1" 200 1219
INFO 2025-04-29 01:23:18,640 basehttp "GET /api/subjects/ HTTP/1.1" 200 900
INFO 2025-04-29 01:23:18,705 basehttp "GET /api/subjects/ HTTP/1.1" 200 900
INFO 2025-04-29 01:23:18,708 basehttp "GET /api/users/23/ HTTP/1.1" 200 1219
INFO 2025-04-29 01:23:18,757 basehttp "GET /api/users/23/ HTTP/1.1" 200 1219
INFO 2025-04-29 01:23:18,807 basehttp "GET /api/users/23/ HTTP/1.1" 200 1219
INFO 2025-04-29 01:23:21,884 basehttp "GET /api/users/ HTTP/1.1" 200 2874
INFO 2025-04-29 01:23:21,955 basehttp "GET /api/users/ HTTP/1.1" 200 2874
INFO 2025-04-29 01:24:05,189 basehttp "GET /api/majors/getMajors/ HTTP/1.1" 200 1065
INFO 2025-04-29 01:24:07,551 basehttp "GET /api/majors/getMajors/ HTTP/1.1" 200 1065
INFO 2025-04-29 01:24:12,499 basehttp "GET /api/majors/getMajors/ HTTP/1.1" 200 1065
INFO 2025-04-29 01:24:14,801 basehttp "GET /api/majors/getMajors/ HTTP/1.1" 200 1065
INFO 2025-04-29 01:24:29,533 basehttp "OPTIONS /api/users/18/ HTTP/1.1" 200 0
INFO 2025-04-29 01:24:29,577 basehttp "PUT /api/users/18/ HTTP/1.1" 200 2007
INFO 2025-04-29 01:24:29,654 basehttp "GET /api/users/ HTTP/1.1" 200 4831
INFO 2025-04-29 01:24:31,899 basehttp "GET /api/users/23/ HTTP/1.1" 200 1219
INFO 2025-04-29 01:24:31,909 basehttp "GET /api/subjects/ HTTP/1.1" 200 900
INFO 2025-04-29 01:24:31,953 basehttp "GET /api/subjects/ HTTP/1.1" 200 900
INFO 2025-04-29 01:24:31,954 basehttp "GET /api/users/23/ HTTP/1.1" 200 1219
INFO 2025-04-29 01:24:31,981 basehttp "GET /api/users/23/ HTTP/1.1" 200 1219
INFO 2025-04-29 01:24:32,011 basehttp "GET /api/users/23/ HTTP/1.1" 200 1219
INFO 2025-04-29 01:24:35,574 basehttp "GET /api/users/ HTTP/1.1" 200 4831
INFO 2025-04-29 01:24:35,664 basehttp "GET /api/users/ HTTP/1.1" 200 4831
INFO 2025-04-29 01:24:40,614 basehttp "GET /api/subjects/ HTTP/1.1" 200 900
INFO 2025-04-29 01:24:40,635 basehttp "GET /api/users/23/ HTTP/1.1" 200 1219
INFO 2025-04-29 01:24:40,651 basehttp "GET /api/subjects/ HTTP/1.1" 200 900
INFO 2025-04-29 01:24:40,675 basehttp "GET /api/users/23/ HTTP/1.1" 200 1219
INFO 2025-04-29 01:24:40,700 basehttp "GET /api/users/23/ HTTP/1.1" 200 1219
INFO 2025-04-29 01:24:40,733 basehttp "GET /api/users/23/ HTTP/1.1" 200 1219
INFO 2025-04-29 01:24:47,556 basehttp "GET /api/users/ HTTP/1.1" 200 4831
INFO 2025-04-29 01:24:47,641 basehttp "GET /api/users/ HTTP/1.1" 200 4831
INFO 2025-04-29 01:24:50,653 basehttp "GET /api/subjects/ HTTP/1.1" 200 900
INFO 2025-04-29 01:24:50,661 basehttp "GET /api/users/23/ HTTP/1.1" 200 1219
INFO 2025-04-29 01:24:50,691 basehttp "GET /api/subjects/ HTTP/1.1" 200 900
INFO 2025-04-29 01:24:50,703 basehttp "GET /api/users/23/ HTTP/1.1" 200 1219
INFO 2025-04-29 01:24:50,815 basehttp "GET /api/users/23/ HTTP/1.1" 200 1219
INFO 2025-04-29 01:24:50,845 basehttp "GET /api/users/23/ HTTP/1.1" 200 1219
